01:20:12.644 [DEBUG] [org.gradle.launcher.daemon.bootstrap.DaemonMain] Assuming the daemon was started with following jvm opts: [-XX:+HeapDumpOnOutOfMemoryError, -Xmx1024m, -Dfile.encoding=UTF-8, -Duser.country, -Duser.language=en, -Duser.variant]
01:20:13.613 [INFO] [org.gradle.launcher.daemon.server.Daemon] start() called on daemon - DefaultDaemonContext[uid=40f16615-3610-421b-8278-77f272813e5a,javaHome=/opt/jdk1.8.0_172,daemonRegistryDir=/app/cache/daemon,pid=32,idleTimeout=10800000,daemonOpts=-XX:+HeapDumpOnOutOfMemoryError,-Xmx1024m,-Dfile.encoding=UTF-8,-Duser.country,-Duser.language=en,-Duser.variant]
01:20:13.788 [DEBUG] [org.gradle.internal.remote.internal.inet.InetAddresses] Adding IP addresses for network interface eth0
01:20:13.799 [DEBUG] [org.gradle.internal.remote.internal.inet.InetAddresses] Is this a loopback interface? false
01:20:13.804 [DEBUG] [org.gradle.internal.remote.internal.inet.InetAddresses] Is this a multicast interface? true
01:20:13.814 [DEBUG] [org.gradle.internal.remote.internal.inet.InetAddresses] Adding remote address /172.22.0.6
01:20:13.817 [DEBUG] [org.gradle.internal.remote.internal.inet.InetAddresses] Adding remote multicast interface eth0
01:20:13.823 [DEBUG] [org.gradle.internal.remote.internal.inet.InetAddresses] Adding IP addresses for network interface lo
01:20:13.859 [DEBUG] [org.gradle.internal.remote.internal.inet.InetAddresses] Is this a loopback interface? true
01:20:13.864 [DEBUG] [org.gradle.internal.remote.internal.inet.InetAddresses] Is this a multicast interface? false
01:20:13.900 [DEBUG] [org.gradle.internal.remote.internal.inet.InetAddresses] Adding loopback address /127.0.0.1
01:20:13.916 [DEBUG] [org.gradle.internal.remote.internal.inet.TcpIncomingConnector] Listening on [52d9b7d3-b15a-4d09-953d-45231197fe92 port:39321, addresses:[/127.0.0.1]].
01:20:13.953 [DEBUG] [org.gradle.launcher.daemon.server.Daemon] Daemon starting at: Wed Jun 13 01:20:13 GMT 2018, with address: [52d9b7d3-b15a-4d09-953d-45231197fe92 port:39321, addresses:[/127.0.0.1]]
01:20:13.966 [INFO] [org.gradle.launcher.daemon.server.DaemonRegistryUpdater] Advertising the daemon address to the clients: [52d9b7d3-b15a-4d09-953d-45231197fe92 port:39321, addresses:[/127.0.0.1]]
01:20:13.974 [DEBUG] [org.gradle.launcher.daemon.server.DaemonRegistryUpdater] Advertised daemon context: DefaultDaemonContext[uid=40f16615-3610-421b-8278-77f272813e5a,javaHome=/opt/jdk1.8.0_172,daemonRegistryDir=/app/cache/daemon,pid=32,idleTimeout=10800000,daemonOpts=-XX:+HeapDumpOnOutOfMemoryError,-Xmx1024m,-Dfile.encoding=UTF-8,-Duser.country,-Duser.language=en,-Duser.variant]
01:20:13.980 [DEBUG] [org.gradle.launcher.daemon.registry.PersistentDaemonRegistry] Storing daemon address: [52d9b7d3-b15a-4d09-953d-45231197fe92 port:39321, addresses:[/127.0.0.1]], context: DefaultDaemonContext[uid=40f16615-3610-421b-8278-77f272813e5a,javaHome=/opt/jdk1.8.0_172,daemonRegistryDir=/app/cache/daemon,pid=32,idleTimeout=10800000,daemonOpts=-XX:+HeapDumpOnOutOfMemoryError,-Xmx1024m,-Dfile.encoding=UTF-8,-Duser.country,-Duser.language=en,-Duser.variant]
01:20:14.060 [DEBUG] [org.gradle.cache.internal.DefaultFileLockManager] Waiting to acquire exclusive lock on daemon addresses registry.
01:20:14.107 [DEBUG] [org.gradle.cache.internal.DefaultFileLockManager] Lock acquired on daemon addresses registry.
01:20:14.143 [DEBUG] [org.gradle.cache.internal.DefaultFileLockManager] Releasing lock on daemon addresses registry.
01:20:14.149 [LIFECYCLE] [org.gradle.launcher.daemon.server.Daemon] Daemon server started.
01:20:14.156 [DEBUG] [org.gradle.launcher.daemon.bootstrap.DaemonStartupCommunication] Completed writing the daemon greeting. Closing streams...
01:20:14.183 [DEBUG] [org.gradle.launcher.daemon.server.Daemon] stopOnExpiration() called on daemon
01:20:14.222 [DEBUG] [org.gradle.launcher.daemon.server.Daemon] awaitExpiration() called on daemon
01:20:14.319 [DEBUG] [org.gradle.launcher.daemon.server.DaemonStateCoordinator] daemon is running. Sleeping until state changes.
01:20:14.352 [DEBUG] [org.gradle.internal.remote.internal.inet.TcpIncomingConnector] Accepted connection from /127.0.0.1:39836 to /127.0.0.1:39321.
01:20:15.836 [DEBUG] [org.gradle.launcher.daemon.server.SynchronizedDispatchConnection] thread 14: received class org.gradle.launcher.daemon.protocol.Build
01:20:15.842 [DEBUG] [org.gradle.launcher.daemon.server.DefaultDaemonConnection] thread 14: Received non-IO message from client: Build{id=1789fb18-50a7-4ebc-af7e-f1fc42e105b1.1, currentDir=/app}
01:20:15.849 [INFO] [org.gradle.launcher.daemon.server.DefaultIncomingConnectionHandler] Received command: Build{id=1789fb18-50a7-4ebc-af7e-f1fc42e105b1.1, currentDir=/app}.
01:20:15.858 [DEBUG] [org.gradle.launcher.daemon.server.DefaultIncomingConnectionHandler] Starting executing command: Build{id=1789fb18-50a7-4ebc-af7e-f1fc42e105b1.1, currentDir=/app} with connection: socket connection from /127.0.0.1:39321 to /127.0.0.1:39836.
01:20:15.907 [ERROR] [org.gradle.launcher.daemon.server.DaemonStateCoordinator] Command execution: started DaemonCommandExecution[command = Build{id=1789fb18-50a7-4ebc-af7e-f1fc42e105b1.1, currentDir=/app}, connection = DefaultDaemonConnection: socket connection from /127.0.0.1:39321 to /127.0.0.1:39836] after 0.0 minutes of idle
01:20:15.946 [INFO] [org.gradle.launcher.daemon.server.DaemonRegistryUpdater] Marking the daemon as busy, address: [52d9b7d3-b15a-4d09-953d-45231197fe92 port:39321, addresses:[/127.0.0.1]]
01:20:15.988 [DEBUG] [org.gradle.launcher.daemon.registry.PersistentDaemonRegistry] Marking busy by address: [52d9b7d3-b15a-4d09-953d-45231197fe92 port:39321, addresses:[/127.0.0.1]]
01:20:16.004 [DEBUG] [org.gradle.cache.internal.DefaultFileLockManager] Waiting to acquire exclusive lock on daemon addresses registry.
01:20:16.022 [DEBUG] [org.gradle.cache.internal.DefaultFileLockManager] Lock acquired on daemon addresses registry.
01:20:16.133 [DEBUG] [org.gradle.cache.internal.DefaultFileLockManager] Releasing lock on daemon addresses registry.
01:20:16.147 [DEBUG] [org.gradle.launcher.daemon.server.DaemonStateCoordinator] resetting idle timer
01:20:16.154 [DEBUG] [org.gradle.launcher.daemon.server.DaemonStateCoordinator] daemon is running. Sleeping until state changes.
01:20:16.156 [INFO] [org.gradle.launcher.daemon.server.exec.StartBuildOrRespondWithBusy] Daemon is about to start building Build{id=1789fb18-50a7-4ebc-af7e-f1fc42e105b1.1, currentDir=/app}. Dispatching build started information...
01:20:16.198 [DEBUG] [org.gradle.launcher.daemon.server.SynchronizedDispatchConnection] thread 16: dispatching class org.gradle.launcher.daemon.protocol.BuildStarted
01:20:16.303 [DEBUG] [org.gradle.launcher.daemon.server.exec.EstablishBuildEnvironment] Configuring env variables: {PATH=/usr/local/sbin:/usr/local/bin:/usr/sbin:/usr/bin:/sbin:/bin:/opt/jdk/bin, JAVA_JCE=unlimited, SPRING_PROFILES_ACTIVE=dev, JAVA_HOME=/opt/jdk, OLDPWD=/app, GLIBC_VERSION=2.27-r0, LANG=C.UTF-8, JAVA_VERSION_MAJOR=8, GRADLE_USER_HOME=cache, HOSTNAME=61ed18c8be9e, GLIBC_REPO=https://github.com/sgerrand/alpine-pkg-glibc, JAVA_VERSION_MINOR=172, PWD=/app, JAVA_PACKAGE=jdk, JAVA_VERSION_BUILD=11, HOME=/root, SHLVL=1}
01:20:16.404 [DEBUG] [org.gradle.launcher.daemon.server.SynchronizedDispatchConnection] thread 14: received class org.gradle.launcher.daemon.protocol.CloseInput
01:20:16.427 [DEBUG] [org.gradle.launcher.daemon.server.DefaultDaemonConnection] thread 14: Received IO message from client: org.gradle.launcher.daemon.protocol.CloseInput@5f9ab44b
01:20:16.491 [DEBUG] [org.gradle.launcher.daemon.server.exec.LogToClient] About to start relaying all logs to the client via the connection.
01:20:16.507 [INFO] [org.gradle.launcher.daemon.server.exec.LogToClient] The client will now receive all logging from the daemon (pid: 32). The daemon log file: /app/cache/daemon/4.5.1/daemon-32.out.log
01:20:16.596 [INFO] [org.gradle.launcher.daemon.server.exec.LogAndCheckHealth] Starting build in new daemon [memory: 954.7 MB]
01:20:16.624 [INFO] [org.gradle.launcher.daemon.server.exec.ForwardClientInput] Closing daemon's stdin at end of input.
01:20:16.651 [INFO] [org.gradle.launcher.daemon.server.exec.ForwardClientInput] The daemon will no longer process any standard input.
01:20:16.704 [DEBUG] [org.gradle.launcher.daemon.server.exec.ExecuteBuild] The daemon has started executing the build.
01:20:16.749 [DEBUG] [org.gradle.launcher.daemon.server.exec.ExecuteBuild] Executing build with daemon context: DefaultDaemonContext[uid=40f16615-3610-421b-8278-77f272813e5a,javaHome=/opt/jdk1.8.0_172,daemonRegistryDir=/app/cache/daemon,pid=32,idleTimeout=10800000,daemonOpts=-XX:+HeapDumpOnOutOfMemoryError,-Xmx1024m,-Dfile.encoding=UTF-8,-Duser.country,-Duser.language=en,-Duser.variant]
Download https://repo.maven.apache.org/maven2/org/springframework/boot/spring-boot-gradle-plugin/2.0.0.RELEASE/spring-boot-gradle-plugin-2.0.0.RELEASE.pom
Download https://repo.maven.apache.org/maven2/org/springframework/boot/spring-boot-tools/2.0.0.RELEASE/spring-boot-tools-2.0.0.RELEASE.pom
Download https://repo.maven.apache.org/maven2/org/springframework/boot/spring-boot-parent/2.0.0.RELEASE/spring-boot-parent-2.0.0.RELEASE.pom
Download https://repo.maven.apache.org/maven2/org/springframework/boot/spring-boot-dependencies/2.0.0.RELEASE/spring-boot-dependencies-2.0.0.RELEASE.pom
Download https://repo.maven.apache.org/maven2/com/fasterxml/jackson/jackson-bom/2.9.4/jackson-bom-2.9.4.pom
Download https://repo.maven.apache.org/maven2/com/fasterxml/jackson/jackson-parent/2.9.1/jackson-parent-2.9.1.pom
Download https://repo.maven.apache.org/maven2/com/fasterxml/oss-parent/30/oss-parent-30.pom
Download https://repo.maven.apache.org/maven2/io/netty/netty-bom/4.1.22.Final/netty-bom-4.1.22.Final.pom
Download https://repo.maven.apache.org/maven2/org/sonatype/oss/oss-parent/7/oss-parent-7.pom
Download https://repo.maven.apache.org/maven2/io/projectreactor/reactor-bom/Bismuth-SR7/reactor-bom-Bismuth-SR7.pom
Download https://repo.maven.apache.org/maven2/org/apache/logging/log4j/log4j-bom/2.10.0/log4j-bom-2.10.0.pom
Download https://repo.maven.apache.org/maven2/org/apache/logging/logging-parent/1/logging-parent-1.pom
Download https://repo.maven.apache.org/maven2/org/apache/apache/18/apache-18.pom
Download https://repo.maven.apache.org/maven2/org/eclipse/jetty/jetty-bom/9.4.8.v20171121/jetty-bom-9.4.8.v20171121.pom
Download https://repo.maven.apache.org/maven2/org/springframework/spring-framework-bom/5.0.4.RELEASE/spring-framework-bom-5.0.4.RELEASE.pom
Download https://repo.maven.apache.org/maven2/org/springframework/data/spring-data-releasetrain/Kay-SR5/spring-data-releasetrain-Kay-SR5.pom
Download https://repo.maven.apache.org/maven2/org/springframework/data/build/spring-data-build/2.0.5.RELEASE/spring-data-build-2.0.5.RELEASE.pom
Download https://repo.maven.apache.org/maven2/org/springframework/integration/spring-integration-bom/5.0.3.RELEASE/spring-integration-bom-5.0.3.RELEASE.pom
Download https://repo.maven.apache.org/maven2/org/springframework/security/spring-security-bom/5.0.3.RELEASE/spring-security-bom-5.0.3.RELEASE.pom
Download https://repo.maven.apache.org/maven2/org/springframework/session/spring-session-bom/Apple-SR1/spring-session-bom-Apple-SR1.pom
Download https://repo.maven.apache.org/maven2/org/springframework/boot/spring-boot-loader-tools/2.0.0.RELEASE/spring-boot-loader-tools-2.0.0.RELEASE.pom
Download https://repo.maven.apache.org/maven2/io/spring/gradle/dependency-management-plugin/1.0.4.RELEASE/dependency-management-plugin-1.0.4.RELEASE.pom
Download https://repo.maven.apache.org/maven2/org/apache/commons/commons-compress/1.14/commons-compress-1.14.pom
Download https://repo.maven.apache.org/maven2/org/apache/commons/commons-parent/42/commons-parent-42.pom
Download https://repo.maven.apache.org/maven2/org/springframework/spring-core/5.0.4.RELEASE/spring-core-5.0.4.RELEASE.pom
Download https://repo.maven.apache.org/maven2/io/projectreactor/reactor-bom/Bismuth-SR6/reactor-bom-Bismuth-SR6.pom
Download https://repo.maven.apache.org/maven2/io/netty/netty-bom/4.1.21.Final/netty-bom-4.1.21.Final.pom
Download https://repo.maven.apache.org/maven2/org/springframework/spring-jcl/5.0.4.RELEASE/spring-jcl-5.0.4.RELEASE.pom
Download https://repo.maven.apache.org/maven2/org/springframework/boot/spring-boot-loader-tools/2.0.0.RELEASE/spring-boot-loader-tools-2.0.0.RELEASE.jar
Download https://repo.maven.apache.org/maven2/org/springframework/boot/spring-boot-gradle-plugin/2.0.0.RELEASE/spring-boot-gradle-plugin-2.0.0.RELEASE.jar
Download https://repo.maven.apache.org/maven2/org/springframework/spring-core/5.0.4.RELEASE/spring-core-5.0.4.RELEASE.jar
Download https://repo.maven.apache.org/maven2/org/apache/commons/commons-compress/1.14/commons-compress-1.14.jar
Download https://repo.maven.apache.org/maven2/org/springframework/spring-jcl/5.0.4.RELEASE/spring-jcl-5.0.4.RELEASE.jar
Download https://repo.maven.apache.org/maven2/io/spring/gradle/dependency-management-plugin/1.0.4.RELEASE/dependency-management-plugin-1.0.4.RELEASE.jar
:compileJava
Download https://repo.maven.apache.org/maven2/org/springframework/cloud/spring-cloud-netflix/1.4.0.RELEASE/spring-cloud-netflix-1.4.0.RELEASE.pom
Download https://repo.maven.apache.org/maven2/org/springframework/cloud/spring-cloud-build/1.3.6.RELEASE/spring-cloud-build-1.3.6.RELEASE.pom
Download https://repo.maven.apache.org/maven2/org/springframework/cloud/spring-cloud-build-dependencies/1.3.6.RELEASE/spring-cloud-build-dependencies-1.3.6.RELEASE.pom
Download https://repo.maven.apache.org/maven2/org/springframework/boot/spring-boot-dependencies/1.5.8.RELEASE/spring-boot-dependencies-1.5.8.RELEASE.pom
Download https://repo.maven.apache.org/maven2/com/fasterxml/jackson/jackson-bom/2.8.10/jackson-bom-2.8.10.pom
Download https://repo.maven.apache.org/maven2/com/fasterxml/jackson/jackson-parent/2.8/jackson-parent-2.8.pom
Download https://repo.maven.apache.org/maven2/com/fasterxml/oss-parent/27/oss-parent-27.pom
Download https://repo.maven.apache.org/maven2/org/apache/logging/log4j/log4j-bom/2.7/log4j-bom-2.7.pom
Download https://repo.maven.apache.org/maven2/org/apache/apache/9/apache-9.pom
Download https://repo.maven.apache.org/maven2/org/springframework/spring-framework-bom/4.3.12.RELEASE/spring-framework-bom-4.3.12.RELEASE.pom
Download https://repo.maven.apache.org/maven2/org/springframework/data/spring-data-releasetrain/Ingalls-SR8/spring-data-releasetrain-Ingalls-SR8.pom
Download https://repo.maven.apache.org/maven2/org/springframework/data/build/spring-data-build/1.9.8.RELEASE/spring-data-build-1.9.8.RELEASE.pom
Download https://repo.maven.apache.org/maven2/org/springframework/integration/spring-integration-bom/4.3.12.RELEASE/spring-integration-bom-4.3.12.RELEASE.pom
Download https://repo.maven.apache.org/maven2/org/springframework/security/spring-security-bom/4.2.3.RELEASE/spring-security-bom-4.2.3.RELEASE.pom
Download https://repo.maven.apache.org/maven2/org/springframework/cloud/spring-cloud-netflix-dependencies/1.4.0.RELEASE/spring-cloud-netflix-dependencies-1.4.0.RELEASE.pom
Download https://repo.maven.apache.org/maven2/org/springframework/cloud/spring-cloud-dependencies-parent/1.3.6.RELEASE/spring-cloud-dependencies-parent-1.3.6.RELEASE.pom
Download https://repo.maven.apache.org/maven2/org/springframework/cloud/spring-cloud-commons-dependencies/1.3.0.RELEASE/spring-cloud-commons-dependencies-1.3.0.RELEASE.pom
Download https://repo.maven.apache.org/maven2/org/springframework/cloud/spring-cloud-config-dependencies/1.4.0.RELEASE/spring-cloud-config-dependencies-1.4.0.RELEASE.pom
Download https://repo.maven.apache.org/maven2/org/springframework/cloud/spring-cloud-stream-dependencies/Ditmars.RELEASE/spring-cloud-stream-dependencies-Ditmars.RELEASE.pom
Download https://repo.maven.apache.org/maven2/org/springframework/cloud/spring-cloud-dependencies-parent/1.3.5.RELEASE/spring-cloud-dependencies-parent-1.3.5.RELEASE.pom
Download https://repo.maven.apache.org/maven2/org/springframework/cloud/spring-cloud-contract-dependencies/1.1.2.RELEASE/spring-cloud-contract-dependencies-1.1.2.RELEASE.pom
Download https://repo.maven.apache.org/maven2/org/springframework/cloud/spring-cloud-dependencies-parent/1.3.3.RELEASE/spring-cloud-dependencies-parent-1.3.3.RELEASE.pom
Download https://repo.maven.apache.org/maven2/org/projectlombok/lombok/1.16.14/lombok-1.16.14.pom
Download https://repo.maven.apache.org/maven2/org/springframework/cloud/spring-cloud-starter-eureka/1.4.0.RELEASE/spring-cloud-starter-eureka-1.4.0.RELEASE.pom
Download https://repo.maven.apache.org/maven2/org/flywaydb/flyway-core/3.2.1/flyway-core-3.2.1.pom
Download https://repo.maven.apache.org/maven2/org/flywaydb/flyway-parent/3.2.1/flyway-parent-3.2.1.pom
Download https://repo.maven.apache.org/maven2/org/springframework/boot/spring-boot-starter-data-jpa/1.5.8.RELEASE/spring-boot-starter-data-jpa-1.5.8.RELEASE.pom
Download https://repo.maven.apache.org/maven2/org/springframework/boot/spring-boot-starters/1.5.8.RELEASE/spring-boot-starters-1.5.8.RELEASE.pom
Download https://repo.maven.apache.org/maven2/org/springframework/boot/spring-boot-parent/1.5.8.RELEASE/spring-boot-parent-1.5.8.RELEASE.pom
Download https://repo.maven.apache.org/maven2/org/springframework/boot/spring-boot-starter-web/1.5.8.RELEASE/spring-boot-starter-web-1.5.8.RELEASE.pom
Download https://repo.maven.apache.org/maven2/org/springframework/cloud/spring-cloud-starter-netflix-eureka-client/1.4.0.RELEASE/spring-cloud-starter-netflix-eureka-client-1.4.0.RELEASE.pom
Download https://repo.maven.apache.org/maven2/org/springframework/cloud/spring-cloud-starter-netflix/1.4.0.RELEASE/spring-cloud-starter-netflix-1.4.0.RELEASE.pom
Download https://repo.maven.apache.org/maven2/org/springframework/boot/spring-boot-starter-tomcat/1.5.8.RELEASE/spring-boot-starter-tomcat-1.5.8.RELEASE.pom
Download https://repo.maven.apache.org/maven2/org/springframework/boot/spring-boot-starter/1.5.8.RELEASE/spring-boot-starter-1.5.8.RELEASE.pom
Download https://repo.maven.apache.org/maven2/com/fasterxml/jackson/core/jackson-databind/2.8.10/jackson-databind-2.8.10.pom
Download https://repo.maven.apache.org/maven2/org/springframework/spring-web/4.3.12.RELEASE/spring-web-4.3.12.RELEASE.pom
Download https://repo.maven.apache.org/maven2/org/springframework/spring-webmvc/4.3.12.RELEASE/spring-webmvc-4.3.12.RELEASE.pom
Download https://repo.maven.apache.org/maven2/org/hibernate/hibernate-validator/5.3.5.Final/hibernate-validator-5.3.5.Final.pom
Download https://repo.maven.apache.org/maven2/org/hibernate/hibernate-validator-parent/5.3.5.Final/hibernate-validator-parent-5.3.5.Final.pom
Download https://repo.maven.apache.org/maven2/org/jboss/arquillian/arquillian-bom/1.1.11.Final/arquillian-bom-1.1.11.Final.pom
Download https://repo.maven.apache.org/maven2/org/jboss/shrinkwrap/shrinkwrap-bom/1.2.3/shrinkwrap-bom-1.2.3.pom
Download https://repo.maven.apache.org/maven2/org/jboss/shrinkwrap/resolver/shrinkwrap-resolver-bom/2.2.0/shrinkwrap-resolver-bom-2.2.0.pom
Download https://repo.maven.apache.org/maven2/org/jboss/shrinkwrap/descriptors/shrinkwrap-descriptors-bom/2.0.0-alpha-8/shrinkwrap-descriptors-bom-2.0.0-alpha-8.pom
Download https://repo.maven.apache.org/maven2/org/springframework/boot/spring-boot-starter-jdbc/1.5.8.RELEASE/spring-boot-starter-jdbc-1.5.8.RELEASE.pom
Download https://repo.maven.apache.org/maven2/org/springframework/boot/spring-boot-starter-aop/1.5.8.RELEASE/spring-boot-starter-aop-1.5.8.RELEASE.pom
Download https://repo.maven.apache.org/maven2/org/hibernate/hibernate-entitymanager/5.0.12.Final/hibernate-entitymanager-5.0.12.Final.pom
Download https://repo.maven.apache.org/maven2/javax/transaction/javax.transaction-api/1.2/javax.transaction-api-1.2.pom
Download https://repo.maven.apache.org/maven2/net/java/jvnet-parent/3/jvnet-parent-3.pom
Download https://repo.maven.apache.org/maven2/org/springframework/data/spring-data-jpa/1.11.8.RELEASE/spring-data-jpa-1.11.8.RELEASE.pom
Download https://repo.maven.apache.org/maven2/org/springframework/data/build/spring-data-parent/1.9.8.RELEASE/spring-data-parent-1.9.8.RELEASE.pom
Download https://repo.maven.apache.org/maven2/org/springframework/spring-aspects/4.3.12.RELEASE/spring-aspects-4.3.12.RELEASE.pom
Download https://repo.maven.apache.org/maven2/org/hibernate/hibernate-core/5.0.12.Final/hibernate-core-5.0.12.Final.pom
Download https://repo.maven.apache.org/maven2/org/springframework/cloud/spring-cloud-starter/1.3.0.RELEASE/spring-cloud-starter-1.3.0.RELEASE.pom
Download https://repo.maven.apache.org/maven2/org/springframework/cloud/spring-cloud-netflix-core/1.4.0.RELEASE/spring-cloud-netflix-core-1.4.0.RELEASE.pom
Download https://repo.maven.apache.org/maven2/org/springframework/cloud/spring-cloud-commons-parent/1.3.0.RELEASE/spring-cloud-commons-parent-1.3.0.RELEASE.pom
Download https://repo.maven.apache.org/maven2/com/netflix/eureka/eureka-client/1.7.0/eureka-client-1.7.0.pom
Download https://repo.maven.apache.org/maven2/com/netflix/eureka/eureka-core/1.7.0/eureka-core-1.7.0.pom
Download https://repo.maven.apache.org/maven2/org/springframework/cloud/spring-cloud-starter-netflix-archaius/1.4.0.RELEASE/spring-cloud-starter-netflix-archaius-1.4.0.RELEASE.pom
Download https://repo.maven.apache.org/maven2/org/springframework/cloud/spring-cloud-starter-netflix-ribbon/1.4.0.RELEASE/spring-cloud-starter-netflix-ribbon-1.4.0.RELEASE.pom
Download https://repo.maven.apache.org/maven2/com/netflix/ribbon/ribbon-eureka/2.2.4/ribbon-eureka-2.2.4.pom
Download https://repo.maven.apache.org/maven2/com/thoughtworks/xstream/xstream/1.4.9/xstream-1.4.9.pom
Download https://repo.maven.apache.org/maven2/com/thoughtworks/xstream/xstream-parent/1.4.9/xstream-parent-1.4.9.pom
Download https://repo.maven.apache.org/maven2/org/springframework/cloud/spring-cloud-netflix-eureka-client/1.4.0.RELEASE/spring-cloud-netflix-eureka-client-1.4.0.RELEASE.pom
Download https://repo.maven.apache.org/maven2/org/springframework/boot/spring-boot/1.5.8.RELEASE/spring-boot-1.5.8.RELEASE.pom
Download https://repo.maven.apache.org/maven2/org/springframework/boot/spring-boot-autoconfigure/1.5.8.RELEASE/spring-boot-autoconfigure-1.5.8.RELEASE.pom
Download https://repo.maven.apache.org/maven2/org/springframework/spring-core/4.3.12.RELEASE/spring-core-4.3.12.RELEASE.pom
Download https://repo.maven.apache.org/maven2/org/yaml/snakeyaml/1.17/snakeyaml-1.17.pom
Download https://repo.maven.apache.org/maven2/org/springframework/boot/spring-boot-starter-logging/1.5.8.RELEASE/spring-boot-starter-logging-1.5.8.RELEASE.pom
Download https://repo.maven.apache.org/maven2/org/apache/tomcat/embed/tomcat-embed-core/8.5.23/tomcat-embed-core-8.5.23.pom
Download https://repo.maven.apache.org/maven2/org/apache/tomcat/embed/tomcat-embed-el/8.5.23/tomcat-embed-el-8.5.23.pom
Download https://repo.maven.apache.org/maven2/org/apache/tomcat/embed/tomcat-embed-websocket/8.5.23/tomcat-embed-websocket-8.5.23.pom
Download https://repo.maven.apache.org/maven2/javax/validation/validation-api/1.1.0.Final/validation-api-1.1.0.Final.pom
Download https://repo.maven.apache.org/maven2/org/jboss/logging/jboss-logging/3.3.1.Final/jboss-logging-3.3.1.Final.pom
Download https://repo.maven.apache.org/maven2/org/jboss/jboss-parent/15/jboss-parent-15.pom
Download https://repo.maven.apache.org/maven2/com/fasterxml/classmate/1.3.4/classmate-1.3.4.pom
Download https://repo.maven.apache.org/maven2/com/fasterxml/oss-parent/24/oss-parent-24.pom
Download https://repo.maven.apache.org/maven2/com/fasterxml/jackson/core/jackson-annotations/2.8.0/jackson-annotations-2.8.0.pom
Download https://repo.maven.apache.org/maven2/com/fasterxml/jackson/core/jackson-core/2.8.10/jackson-core-2.8.10.pom
Download https://repo.maven.apache.org/maven2/org/springframework/spring-context/4.3.12.RELEASE/spring-context-4.3.12.RELEASE.pom
Download https://repo.maven.apache.org/maven2/org/springframework/spring-aop/4.3.12.RELEASE/spring-aop-4.3.12.RELEASE.pom
Download https://repo.maven.apache.org/maven2/org/springframework/spring-beans/4.3.12.RELEASE/spring-beans-4.3.12.RELEASE.pom
Download https://repo.maven.apache.org/maven2/org/springframework/spring-expression/4.3.12.RELEASE/spring-expression-4.3.12.RELEASE.pom
Download https://repo.maven.apache.org/maven2/org/aspectj/aspectjweaver/1.8.11/aspectjweaver-1.8.11.pom
Download https://repo.maven.apache.org/maven2/org/apache/tomcat/tomcat-jdbc/8.5.23/tomcat-jdbc-8.5.23.pom
Download https://repo.maven.apache.org/maven2/org/springframework/spring-jdbc/4.3.12.RELEASE/spring-jdbc-4.3.12.RELEASE.pom
Download https://repo.maven.apache.org/maven2/org/javassist/javassist/3.21.0-GA/javassist-3.21.0-GA.pom
Download https://repo.maven.apache.org/maven2/org/hibernate/javax/persistence/hibernate-jpa-2.1-api/1.0.0.Final/hibernate-jpa-2.1-api-1.0.0.Final.pom
Download https://repo.maven.apache.org/maven2/dom4j/dom4j/1.6.1/dom4j-1.6.1.pom
Download https://repo.maven.apache.org/maven2/org/jboss/jandex/2.0.0.Final/jandex-2.0.0.Final.pom
Download https://repo.maven.apache.org/maven2/org/hibernate/common/hibernate-commons-annotations/5.0.1.Final/hibernate-commons-annotations-5.0.1.Final.pom
Download https://repo.maven.apache.org/maven2/org/jboss/jboss-parent/12/jboss-parent-12.pom
Download https://repo.maven.apache.org/maven2/antlr/antlr/2.7.7/antlr-2.7.7.pom
Download https://repo.maven.apache.org/maven2/org/springframework/data/spring-data-commons/1.13.8.RELEASE/spring-data-commons-1.13.8.RELEASE.pom
Download https://repo.maven.apache.org/maven2/org/springframework/spring-orm/4.3.12.RELEASE/spring-orm-4.3.12.RELEASE.pom
Download https://repo.maven.apache.org/maven2/org/slf4j/slf4j-api/1.7.25/slf4j-api-1.7.25.pom
Download https://repo.maven.apache.org/maven2/org/slf4j/jcl-over-slf4j/1.7.25/jcl-over-slf4j-1.7.25.pom
Download https://repo.maven.apache.org/maven2/org/slf4j/slf4j-parent/1.7.25/slf4j-parent-1.7.25.pom
Download https://repo.maven.apache.org/maven2/org/springframework/spring-tx/4.3.12.RELEASE/spring-tx-4.3.12.RELEASE.pom
Download https://repo.maven.apache.org/maven2/org/springframework/cloud/spring-cloud-context/1.3.0.RELEASE/spring-cloud-context-1.3.0.RELEASE.pom
Download https://repo.maven.apache.org/maven2/org/springframework/cloud/spring-cloud-commons/1.3.0.RELEASE/spring-cloud-commons-1.3.0.RELEASE.pom
Download https://repo.maven.apache.org/maven2/org/springframework/security/spring-security-rsa/1.0.3.RELEASE/spring-security-rsa-1.0.3.RELEASE.pom
Download https://repo.maven.apache.org/maven2/com/netflix/netflix-commons/netflix-eventbus/0.3.0/netflix-eventbus-0.3.0.pom
Download https://repo.maven.apache.org/maven2/org/codehaus/jettison/jettison/1.3.7/jettison-1.3.7.pom
Download https://repo.maven.apache.org/maven2/org/codehaus/codehaus-parent/3/codehaus-parent-3.pom
Download https://repo.maven.apache.org/maven2/javax/ws/rs/jsr311-api/1.1.1/jsr311-api-1.1.1.pom
Download https://repo.maven.apache.org/maven2/com/sun/jersey/jersey-core/1.19.1/jersey-core-1.19.1.pom
Download https://repo.maven.apache.org/maven2/com/netflix/servo/servo-core/0.10.1/servo-core-0.10.1.pom
Download https://repo.maven.apache.org/maven2/com/sun/jersey/jersey-client/1.19.1/jersey-client-1.19.1.pom
Download https://repo.maven.apache.org/maven2/com/sun/jersey/jersey-project/1.19.1/jersey-project-1.19.1.pom
Download https://repo.maven.apache.org/maven2/net/java/jvnet-parent/4/jvnet-parent-4.pom
Download https://repo.maven.apache.org/maven2/com/sun/jersey/contribs/jersey-apache-client4/1.19.1/jersey-apache-client4-1.19.1.pom
Download https://repo.maven.apache.org/maven2/org/apache/httpcomponents/httpclient/4.5.3/httpclient-4.5.3.pom
Download https://repo.maven.apache.org/maven2/com/sun/jersey/contribs/jersey-contribs/1.19.1/jersey-contribs-1.19.1.pom
Download https://repo.maven.apache.org/maven2/org/apache/httpcomponents/httpcomponents-client/4.5.3/httpcomponents-client-4.5.3.pom
Download https://repo.maven.apache.org/maven2/org/apache/httpcomponents/project/7/project-7.pom
Download https://repo.maven.apache.org/maven2/org/apache/apache/13/apache-13.pom
Download https://repo.maven.apache.org/maven2/com/google/inject/guice/4.1.0/guice-4.1.0.pom
Download https://repo.maven.apache.org/maven2/com/google/inject/guice-parent/4.1.0/guice-parent-4.1.0.pom
Download https://repo.maven.apache.org/maven2/com/google/google/5/google-5.pom
Download https://repo.maven.apache.org/maven2/com/netflix/archaius/archaius-core/0.7.4/archaius-core-0.7.4.pom
Download https://repo.maven.apache.org/maven2/org/codehaus/woodstox/woodstox-core-asl/4.4.1/woodstox-core-asl-4.4.1.pom
Download https://repo.maven.apache.org/maven2/commons-configuration/commons-configuration/1.8/commons-configuration-1.8.pom
Download https://repo.maven.apache.org/maven2/com/google/guava/guava/18.0/guava-18.0.pom
Download https://repo.maven.apache.org/maven2/org/apache/commons/commons-parent/23/commons-parent-23.pom
Download https://repo.maven.apache.org/maven2/com/google/guava/guava-parent/18.0/guava-parent-18.0.pom
Download https://repo.maven.apache.org/maven2/com/netflix/ribbon/ribbon/2.2.4/ribbon-2.2.4.pom
Download https://repo.maven.apache.org/maven2/com/netflix/ribbon/ribbon-core/2.2.4/ribbon-core-2.2.4.pom
Download https://repo.maven.apache.org/maven2/io/reactivex/rxjava/1.2.0/rxjava-1.2.0.pom
Download https://repo.maven.apache.org/maven2/com/netflix/ribbon/ribbon-loadbalancer/2.2.4/ribbon-loadbalancer-2.2.4.pom
Download https://repo.maven.apache.org/maven2/com/netflix/ribbon/ribbon-httpclient/2.2.4/ribbon-httpclient-2.2.4.pom
Download https://repo.maven.apache.org/maven2/xmlpull/xmlpull/1.1.3.1/xmlpull-1.1.3.1.pom
Download https://repo.maven.apache.org/maven2/xpp3/xpp3_min/1.1.4c/xpp3_min-1.1.4c.pom
Download https://repo.maven.apache.org/maven2/ch/qos/logback/logback-classic/1.1.11/logback-classic-1.1.11.pom
Download https://repo.maven.apache.org/maven2/org/slf4j/jul-to-slf4j/1.7.25/jul-to-slf4j-1.7.25.pom
Download https://repo.maven.apache.org/maven2/ch/qos/logback/logback-parent/1.1.11/logback-parent-1.1.11.pom
Download https://repo.maven.apache.org/maven2/org/slf4j/log4j-over-slf4j/1.7.25/log4j-over-slf4j-1.7.25.pom
Download https://repo.maven.apache.org/maven2/commons-logging/commons-logging/1.2/commons-logging-1.2.pom
Download https://repo.maven.apache.org/maven2/org/apache/commons/commons-parent/34/commons-parent-34.pom
Download https://repo.maven.apache.org/maven2/org/apache/tomcat/tomcat-annotations-api/8.5.23/tomcat-annotations-api-8.5.23.pom
Download https://repo.maven.apache.org/maven2/org/apache/tomcat/tomcat-juli/8.5.23/tomcat-juli-8.5.23.pom
Download https://repo.maven.apache.org/maven2/xml-apis/xml-apis/1.4.01/xml-apis-1.4.01.pom
Download https://repo.maven.apache.org/maven2/org/springframework/security/spring-security-crypto/4.2.3.RELEASE/spring-security-crypto-4.2.3.RELEASE.pom
Download https://repo.maven.apache.org/maven2/org/springframework/spring-framework-bom/4.3.9.RELEASE/spring-framework-bom-4.3.9.RELEASE.pom
Download https://repo.maven.apache.org/maven2/org/bouncycastle/bcpkix-jdk15on/1.55/bcpkix-jdk15on-1.55.pom
Download https://repo.maven.apache.org/maven2/stax/stax-api/1.0.1/stax-api-1.0.1.pom
Download https://repo.maven.apache.org/maven2/com/netflix/netflix-commons/netflix-infix/0.3.0/netflix-infix-0.3.0.pom
Download https://repo.maven.apache.org/maven2/org/apache/commons/commons-math/2.2/commons-math-2.2.pom
Download https://repo.maven.apache.org/maven2/org/apache/commons/commons-parent/18/commons-parent-18.pom
Download https://repo.maven.apache.org/maven2/org/apache/apache/7/apache-7.pom
Download https://repo.maven.apache.org/maven2/com/google/code/findbugs/jsr305/3.0.1/jsr305-3.0.1.pom
Download https://repo.maven.apache.org/maven2/com/netflix/servo/servo-internal/0.10.1/servo-internal-0.10.1.pom
Download https://repo.maven.apache.org/maven2/commons-codec/commons-codec/1.10/commons-codec-1.10.pom
Download https://repo.maven.apache.org/maven2/org/apache/httpcomponents/httpcore/4.4.8/httpcore-4.4.8.pom
Download https://repo.maven.apache.org/maven2/org/apache/httpcomponents/httpcomponents-core/4.4.8/httpcomponents-core-4.4.8.pom
Download https://repo.maven.apache.org/maven2/org/apache/commons/commons-parent/35/commons-parent-35.pom
Download https://repo.maven.apache.org/maven2/org/apache/httpcomponents/httpcomponents-parent/9/httpcomponents-parent-9.pom
Download https://repo.maven.apache.org/maven2/org/apache/apache/15/apache-15.pom
Download https://repo.maven.apache.org/maven2/javax/inject/javax.inject/1/javax.inject-1.pom
Download https://repo.maven.apache.org/maven2/aopalliance/aopalliance/1.0/aopalliance-1.0.pom
Download https://repo.maven.apache.org/maven2/javax/xml/stream/stax-api/1.0-2/stax-api-1.0-2.pom
Download https://repo.maven.apache.org/maven2/org/codehaus/woodstox/stax2-api/3.1.4/stax2-api-3.1.4.pom
Download https://repo.maven.apache.org/maven2/commons-lang/commons-lang/2.6/commons-lang-2.6.pom
Download https://repo.maven.apache.org/maven2/org/apache/commons/commons-parent/17/commons-parent-17.pom
Download https://repo.maven.apache.org/maven2/com/netflix/ribbon/ribbon-transport/2.2.4/ribbon-transport-2.2.4.pom
Download https://repo.maven.apache.org/maven2/com/netflix/hystrix/hystrix-core/1.5.12/hystrix-core-1.5.12.pom
Download https://repo.maven.apache.org/maven2/io/reactivex/rxnetty/0.4.9/rxnetty-0.4.9.pom
Download https://repo.maven.apache.org/maven2/com/google/code/findbugs/annotations/2.0.0/annotations-2.0.0.pom
Download https://repo.maven.apache.org/maven2/commons-collections/commons-collections/3.2.2/commons-collections-3.2.2.pom
Download https://repo.maven.apache.org/maven2/com/netflix/netflix-commons/netflix-commons-util/0.1.1/netflix-commons-util-0.1.1.pom
Download https://repo.maven.apache.org/maven2/org/apache/commons/commons-parent/39/commons-parent-39.pom
Download https://repo.maven.apache.org/maven2/org/apache/apache/16/apache-16.pom
Download https://repo.maven.apache.org/maven2/com/netflix/netflix-commons/netflix-statistics/0.1.1/netflix-statistics-0.1.1.pom
Download https://repo.maven.apache.org/maven2/ch/qos/logback/logback-core/1.1.11/logback-core-1.1.11.pom
Download https://repo.maven.apache.org/maven2/org/bouncycastle/bcprov-jdk15on/1.55/bcprov-jdk15on-1.55.pom
Download https://repo.maven.apache.org/maven2/joda-time/joda-time/2.9.9/joda-time-2.9.9.pom
Download https://repo.maven.apache.org/maven2/commons-jxpath/commons-jxpath/1.3/commons-jxpath-1.3.pom
Download https://repo.maven.apache.org/maven2/com/google/code/gson/gson/2.8.2/gson-2.8.2.pom
Download https://repo.maven.apache.org/maven2/org/apache/commons/commons-parent/11/commons-parent-11.pom
Download https://repo.maven.apache.org/maven2/com/google/code/gson/gson-parent/2.8.2/gson-parent-2.8.2.pom
Download https://repo.maven.apache.org/maven2/org/apache/apache/4/apache-4.pom
Download https://repo.maven.apache.org/maven2/org/antlr/antlr-runtime/3.4/antlr-runtime-3.4.pom
Download https://repo.maven.apache.org/maven2/org/antlr/antlr-master/3.4/antlr-master-3.4.pom
Download https://repo.maven.apache.org/maven2/io/reactivex/rxnetty-contexts/0.4.9/rxnetty-contexts-0.4.9.pom
Download https://repo.maven.apache.org/maven2/io/reactivex/rxnetty-servo/0.4.9/rxnetty-servo-0.4.9.pom
Download https://repo.maven.apache.org/maven2/org/hdrhistogram/HdrHistogram/2.1.9/HdrHistogram-2.1.9.pom
Download https://repo.maven.apache.org/maven2/io/netty/netty-codec-http/4.0.27.Final/netty-codec-http-4.0.27.Final.pom
Download https://repo.maven.apache.org/maven2/io/netty/netty-transport-native-epoll/4.0.27.Final/netty-transport-native-epoll-4.0.27.Final.pom
Download https://repo.maven.apache.org/maven2/io/netty/netty-parent/4.0.27.Final/netty-parent-4.0.27.Final.pom
Download https://repo.maven.apache.org/maven2/org/sonatype/oss/oss-parent/9/oss-parent-9.pom
Download https://repo.maven.apache.org/maven2/org/antlr/stringtemplate/3.2.1/stringtemplate-3.2.1.pom
Download https://repo.maven.apache.org/maven2/io/netty/netty-handler/4.1.22.Final/netty-handler-4.1.22.Final.pom
Download https://repo.maven.apache.org/maven2/io/netty/netty-codec/4.1.22.Final/netty-codec-4.1.22.Final.pom
Download https://repo.maven.apache.org/maven2/io/netty/netty-parent/4.1.22.Final/netty-parent-4.1.22.Final.pom
Download https://repo.maven.apache.org/maven2/io/netty/netty-common/4.1.22.Final/netty-common-4.1.22.Final.pom
Download https://repo.maven.apache.org/maven2/io/netty/netty-buffer/4.1.22.Final/netty-buffer-4.1.22.Final.pom
Download https://repo.maven.apache.org/maven2/io/netty/netty-transport/4.1.22.Final/netty-transport-4.1.22.Final.pom
Download https://repo.maven.apache.org/maven2/io/netty/netty-resolver/4.1.22.Final/netty-resolver-4.1.22.Final.pom
Download https://repo.maven.apache.org/maven2/org/springframework/cloud/spring-cloud-starter-netflix-eureka-client/1.4.0.RELEASE/spring-cloud-starter-netflix-eureka-client-1.4.0.RELEASE.jar
Download https://repo.maven.apache.org/maven2/org/springframework/cloud/spring-cloud-starter-eureka/1.4.0.RELEASE/spring-cloud-starter-eureka-1.4.0.RELEASE.jar
Download https://repo.maven.apache.org/maven2/org/springframework/boot/spring-boot-starter-web/1.5.8.RELEASE/spring-boot-starter-web-1.5.8.RELEASE.jar
Download https://repo.maven.apache.org/maven2/org/flywaydb/flyway-core/3.2.1/flyway-core-3.2.1.jar
Download https://repo.maven.apache.org/maven2/org/springframework/boot/spring-boot-starter-data-jpa/1.5.8.RELEASE/spring-boot-starter-data-jpa-1.5.8.RELEASE.jar
Download https://repo.maven.apache.org/maven2/org/projectlombok/lombok/1.16.14/lombok-1.16.14.jar
Download https://repo.maven.apache.org/maven2/org/springframework/boot/spring-boot-starter-aop/1.5.8.RELEASE/spring-boot-starter-aop-1.5.8.RELEASE.jar
Download https://repo.maven.apache.org/maven2/org/springframework/boot/spring-boot-starter-jdbc/1.5.8.RELEASE/spring-boot-starter-jdbc-1.5.8.RELEASE.jar
Download https://repo.maven.apache.org/maven2/org/springframework/cloud/spring-cloud-starter-netflix-ribbon/1.4.0.RELEASE/spring-cloud-starter-netflix-ribbon-1.4.0.RELEASE.jar
Download https://repo.maven.apache.org/maven2/org/springframework/cloud/spring-cloud-starter/1.3.0.RELEASE/spring-cloud-starter-1.3.0.RELEASE.jar
Download https://repo.maven.apache.org/maven2/org/springframework/cloud/spring-cloud-starter-netflix-archaius/1.4.0.RELEASE/spring-cloud-starter-netflix-archaius-1.4.0.RELEASE.jar
Download https://repo.maven.apache.org/maven2/org/springframework/boot/spring-boot-starter/1.5.8.RELEASE/spring-boot-starter-1.5.8.RELEASE.jar
Download https://repo.maven.apache.org/maven2/org/springframework/boot/spring-boot-starter-tomcat/1.5.8.RELEASE/spring-boot-starter-tomcat-1.5.8.RELEASE.jar
Download https://repo.maven.apache.org/maven2/org/hibernate/hibernate-validator/5.3.5.Final/hibernate-validator-5.3.5.Final.jar
Download https://repo.maven.apache.org/maven2/com/netflix/eureka/eureka-core/1.7.0/eureka-core-1.7.0.jar
Download https://repo.maven.apache.org/maven2/com/netflix/ribbon/ribbon-eureka/2.2.4/ribbon-eureka-2.2.4.jar
Download https://repo.maven.apache.org/maven2/com/netflix/eureka/eureka-client/1.7.0/eureka-client-1.7.0.jar
Download https://repo.maven.apache.org/maven2/com/netflix/netflix-commons/netflix-eventbus/0.3.0/netflix-eventbus-0.3.0.jar
Download https://repo.maven.apache.org/maven2/com/netflix/ribbon/ribbon-httpclient/2.2.4/ribbon-httpclient-2.2.4.jar
Download https://repo.maven.apache.org/maven2/com/netflix/ribbon/ribbon/2.2.4/ribbon-2.2.4.jar
Download https://repo.maven.apache.org/maven2/com/netflix/ribbon/ribbon-transport/2.2.4/ribbon-transport-2.2.4.jar
Download https://repo.maven.apache.org/maven2/com/netflix/ribbon/ribbon-loadbalancer/2.2.4/ribbon-loadbalancer-2.2.4.jar
Download https://repo.maven.apache.org/maven2/com/netflix/ribbon/ribbon-core/2.2.4/ribbon-core-2.2.4.jar
Download https://repo.maven.apache.org/maven2/com/netflix/hystrix/hystrix-core/1.5.12/hystrix-core-1.5.12.jar
Download https://repo.maven.apache.org/maven2/com/netflix/archaius/archaius-core/0.7.4/archaius-core-0.7.4.jar
Download https://repo.maven.apache.org/maven2/org/springframework/spring-webmvc/4.3.12.RELEASE/spring-webmvc-4.3.12.RELEASE.jar
Download https://repo.maven.apache.org/maven2/com/fasterxml/jackson/core/jackson-databind/2.8.10/jackson-databind-2.8.10.jar
Download https://repo.maven.apache.org/maven2/org/springframework/spring-web/4.3.12.RELEASE/spring-web-4.3.12.RELEASE.jar
Download https://repo.maven.apache.org/maven2/org/hibernate/hibernate-entitymanager/5.0.12.Final/hibernate-entitymanager-5.0.12.Final.jar
Download https://repo.maven.apache.org/maven2/org/hibernate/hibernate-core/5.0.12.Final/hibernate-core-5.0.12.Final.jar
Download https://repo.maven.apache.org/maven2/javax/transaction/javax.transaction-api/1.2/javax.transaction-api-1.2.jar
Download https://repo.maven.apache.org/maven2/org/springframework/data/spring-data-jpa/1.11.8.RELEASE/spring-data-jpa-1.11.8.RELEASE.jar
Download https://repo.maven.apache.org/maven2/org/springframework/spring-aspects/4.3.12.RELEASE/spring-aspects-4.3.12.RELEASE.jar
Download https://repo.maven.apache.org/maven2/org/springframework/cloud/spring-cloud-netflix-eureka-client/1.4.0.RELEASE/spring-cloud-netflix-eureka-client-1.4.0.RELEASE.jar
Download https://repo.maven.apache.org/maven2/org/springframework/cloud/spring-cloud-netflix-core/1.4.0.RELEASE/spring-cloud-netflix-core-1.4.0.RELEASE.jar
Download https://repo.maven.apache.org/maven2/com/thoughtworks/xstream/xstream/1.4.9/xstream-1.4.9.jar
Download https://repo.maven.apache.org/maven2/org/springframework/boot/spring-boot-autoconfigure/1.5.8.RELEASE/spring-boot-autoconfigure-1.5.8.RELEASE.jar
Download https://repo.maven.apache.org/maven2/org/springframework/boot/spring-boot/1.5.8.RELEASE/spring-boot-1.5.8.RELEASE.jar
Download https://repo.maven.apache.org/maven2/org/springframework/boot/spring-boot-starter-logging/1.5.8.RELEASE/spring-boot-starter-logging-1.5.8.RELEASE.jar
Download https://repo.maven.apache.org/maven2/org/springframework/spring-context/4.3.12.RELEASE/spring-context-4.3.12.RELEASE.jar
Download https://repo.maven.apache.org/maven2/org/springframework/spring-aop/4.3.12.RELEASE/spring-aop-4.3.12.RELEASE.jar
Download https://repo.maven.apache.org/maven2/org/springframework/spring-jdbc/4.3.12.RELEASE/spring-jdbc-4.3.12.RELEASE.jar
Download https://repo.maven.apache.org/maven2/org/springframework/spring-orm/4.3.12.RELEASE/spring-orm-4.3.12.RELEASE.jar
Download https://repo.maven.apache.org/maven2/org/springframework/data/spring-data-commons/1.13.8.RELEASE/spring-data-commons-1.13.8.RELEASE.jar
Download https://repo.maven.apache.org/maven2/org/springframework/spring-tx/4.3.12.RELEASE/spring-tx-4.3.12.RELEASE.jar
Download https://repo.maven.apache.org/maven2/org/springframework/spring-beans/4.3.12.RELEASE/spring-beans-4.3.12.RELEASE.jar
Download https://repo.maven.apache.org/maven2/org/springframework/spring-expression/4.3.12.RELEASE/spring-expression-4.3.12.RELEASE.jar
Download https://repo.maven.apache.org/maven2/org/springframework/spring-core/4.3.12.RELEASE/spring-core-4.3.12.RELEASE.jar
Download https://repo.maven.apache.org/maven2/org/yaml/snakeyaml/1.17/snakeyaml-1.17.jar
Download https://repo.maven.apache.org/maven2/org/apache/tomcat/embed/tomcat-embed-websocket/8.5.23/tomcat-embed-websocket-8.5.23.jar
Download https://repo.maven.apache.org/maven2/org/apache/tomcat/embed/tomcat-embed-core/8.5.23/tomcat-embed-core-8.5.23.jar
Download https://repo.maven.apache.org/maven2/org/apache/tomcat/embed/tomcat-embed-el/8.5.23/tomcat-embed-el-8.5.23.jar
Download https://repo.maven.apache.org/maven2/javax/validation/validation-api/1.1.0.Final/validation-api-1.1.0.Final.jar
Download https://repo.maven.apache.org/maven2/org/hibernate/common/hibernate-commons-annotations/5.0.1.Final/hibernate-commons-annotations-5.0.1.Final.jar
Download https://repo.maven.apache.org/maven2/org/jboss/logging/jboss-logging/3.3.1.Final/jboss-logging-3.3.1.Final.jar
Download https://repo.maven.apache.org/maven2/com/fasterxml/classmate/1.3.4/classmate-1.3.4.jar
Download https://repo.maven.apache.org/maven2/com/fasterxml/jackson/core/jackson-annotations/2.8.0/jackson-annotations-2.8.0.jar
Download https://repo.maven.apache.org/maven2/com/fasterxml/jackson/core/jackson-core/2.8.10/jackson-core-2.8.10.jar
Download https://repo.maven.apache.org/maven2/org/aspectj/aspectjweaver/1.8.11/aspectjweaver-1.8.11.jar
Download https://repo.maven.apache.org/maven2/org/apache/tomcat/tomcat-jdbc/8.5.23/tomcat-jdbc-8.5.23.jar
Download https://repo.maven.apache.org/maven2/org/hibernate/javax/persistence/hibernate-jpa-2.1-api/1.0.0.Final/hibernate-jpa-2.1-api-1.0.0.Final.jar
Download https://repo.maven.apache.org/maven2/org/javassist/javassist/3.21.0-GA/javassist-3.21.0-GA.jar
Download https://repo.maven.apache.org/maven2/com/netflix/netflix-commons/netflix-infix/0.3.0/netflix-infix-0.3.0.jar
Download https://repo.maven.apache.org/maven2/org/antlr/antlr-runtime/3.4/antlr-runtime-3.4.jar
Download https://repo.maven.apache.org/maven2/org/antlr/stringtemplate/3.2.1/stringtemplate-3.2.1.jar
Download https://repo.maven.apache.org/maven2/antlr/antlr/2.7.7/antlr-2.7.7.jar
Download https://repo.maven.apache.org/maven2/org/jboss/jandex/2.0.0.Final/jandex-2.0.0.Final.jar
Download https://repo.maven.apache.org/maven2/org/slf4j/jcl-over-slf4j/1.7.25/jcl-over-slf4j-1.7.25.jar
Download https://repo.maven.apache.org/maven2/dom4j/dom4j/1.6.1/dom4j-1.6.1.jar
Download https://repo.maven.apache.org/maven2/ch/qos/logback/logback-classic/1.1.11/logback-classic-1.1.11.jar
Download https://repo.maven.apache.org/maven2/org/slf4j/jul-to-slf4j/1.7.25/jul-to-slf4j-1.7.25.jar
Download https://repo.maven.apache.org/maven2/org/slf4j/log4j-over-slf4j/1.7.25/log4j-over-slf4j-1.7.25.jar
Download https://repo.maven.apache.org/maven2/io/reactivex/rxnetty-servo/0.4.9/rxnetty-servo-0.4.9.jar
Download https://repo.maven.apache.org/maven2/io/reactivex/rxnetty-contexts/0.4.9/rxnetty-contexts-0.4.9.jar
Download https://repo.maven.apache.org/maven2/io/reactivex/rxnetty/0.4.9/rxnetty-0.4.9.jar
Download https://repo.maven.apache.org/maven2/com/netflix/servo/servo-core/0.10.1/servo-core-0.10.1.jar
Download https://repo.maven.apache.org/maven2/com/netflix/servo/servo-internal/0.10.1/servo-internal-0.10.1.jar
Download https://repo.maven.apache.org/maven2/com/netflix/netflix-commons/netflix-commons-util/0.1.1/netflix-commons-util-0.1.1.jar
Download https://repo.maven.apache.org/maven2/com/netflix/netflix-commons/netflix-statistics/0.1.1/netflix-statistics-0.1.1.jar
Download https://repo.maven.apache.org/maven2/org/slf4j/slf4j-api/1.7.25/slf4j-api-1.7.25.jar
Download https://repo.maven.apache.org/maven2/org/springframework/cloud/spring-cloud-context/1.3.0.RELEASE/spring-cloud-context-1.3.0.RELEASE.jar
Download https://repo.maven.apache.org/maven2/org/springframework/security/spring-security-rsa/1.0.3.RELEASE/spring-security-rsa-1.0.3.RELEASE.jar
Download https://repo.maven.apache.org/maven2/org/springframework/cloud/spring-cloud-commons/1.3.0.RELEASE/spring-cloud-commons-1.3.0.RELEASE.jar
Download https://repo.maven.apache.org/maven2/org/codehaus/jettison/jettison/1.3.7/jettison-1.3.7.jar
Download https://repo.maven.apache.org/maven2/com/sun/jersey/contribs/jersey-apache-client4/1.19.1/jersey-apache-client4-1.19.1.jar
Download https://repo.maven.apache.org/maven2/com/sun/jersey/jersey-client/1.19.1/jersey-client-1.19.1.jar
Download https://repo.maven.apache.org/maven2/com/sun/jersey/jersey-core/1.19.1/jersey-core-1.19.1.jar
Download https://repo.maven.apache.org/maven2/javax/ws/rs/jsr311-api/1.1.1/jsr311-api-1.1.1.jar
Download https://repo.maven.apache.org/maven2/org/apache/httpcomponents/httpclient/4.5.3/httpclient-4.5.3.jar
Download https://repo.maven.apache.org/maven2/com/google/inject/guice/4.1.0/guice-4.1.0.jar
Download https://repo.maven.apache.org/maven2/org/codehaus/woodstox/woodstox-core-asl/4.4.1/woodstox-core-asl-4.4.1.jar
Download https://repo.maven.apache.org/maven2/commons-configuration/commons-configuration/1.8/commons-configuration-1.8.jar
Download https://repo.maven.apache.org/maven2/io/reactivex/rxjava/1.2.0/rxjava-1.2.0.jar
Download https://repo.maven.apache.org/maven2/com/google/guava/guava/18.0/guava-18.0.jar
Download https://repo.maven.apache.org/maven2/xmlpull/xmlpull/1.1.3.1/xmlpull-1.1.3.1.jar
Download https://repo.maven.apache.org/maven2/xpp3/xpp3_min/1.1.4c/xpp3_min-1.1.4c.jar
Download https://repo.maven.apache.org/maven2/org/apache/tomcat/tomcat-annotations-api/8.5.23/tomcat-annotations-api-8.5.23.jar
Download https://repo.maven.apache.org/maven2/org/apache/tomcat/tomcat-juli/8.5.23/tomcat-juli-8.5.23.jar
Download https://repo.maven.apache.org/maven2/org/springframework/security/spring-security-crypto/4.2.3.RELEASE/spring-security-crypto-4.2.3.RELEASE.jar
Download https://repo.maven.apache.org/maven2/org/bouncycastle/bcpkix-jdk15on/1.55/bcpkix-jdk15on-1.55.jar
Download https://repo.maven.apache.org/maven2/stax/stax-api/1.0.1/stax-api-1.0.1.jar
Download https://repo.maven.apache.org/maven2/org/apache/commons/commons-math/2.2/commons-math-2.2.jar
Download https://repo.maven.apache.org/maven2/org/apache/httpcomponents/httpcore/4.4.8/httpcore-4.4.8.jar
Download https://repo.maven.apache.org/maven2/commons-codec/commons-codec/1.10/commons-codec-1.10.jar
Download https://repo.maven.apache.org/maven2/javax/inject/javax.inject/1/javax.inject-1.jar
Download https://repo.maven.apache.org/maven2/aopalliance/aopalliance/1.0/aopalliance-1.0.jar
Download https://repo.maven.apache.org/maven2/javax/xml/stream/stax-api/1.0-2/stax-api-1.0-2.jar
Download https://repo.maven.apache.org/maven2/org/codehaus/woodstox/stax2-api/3.1.4/stax2-api-3.1.4.jar
Download https://repo.maven.apache.org/maven2/commons-lang/commons-lang/2.6/commons-lang-2.6.jar
Download https://repo.maven.apache.org/maven2/commons-collections/commons-collections/3.2.2/commons-collections-3.2.2.jar
Download https://repo.maven.apache.org/maven2/ch/qos/logback/logback-core/1.1.11/logback-core-1.1.11.jar
Download https://repo.maven.apache.org/maven2/org/bouncycastle/bcprov-jdk15on/1.55/bcprov-jdk15on-1.55.jar
Download https://repo.maven.apache.org/maven2/commons-jxpath/commons-jxpath/1.3/commons-jxpath-1.3.jar
Download https://repo.maven.apache.org/maven2/joda-time/joda-time/2.9.9/joda-time-2.9.9.jar
Download https://repo.maven.apache.org/maven2/com/google/code/gson/gson/2.8.2/gson-2.8.2.jar
Download https://repo.maven.apache.org/maven2/org/hdrhistogram/HdrHistogram/2.1.9/HdrHistogram-2.1.9.jar
Download https://repo.maven.apache.org/maven2/io/netty/netty-codec-http/4.0.27.Final/netty-codec-http-4.0.27.Final.jar
Download https://repo.maven.apache.org/maven2/io/netty/netty-transport-native-epoll/4.0.27.Final/netty-transport-native-epoll-4.0.27.Final.jar
Download https://repo.maven.apache.org/maven2/io/netty/netty-handler/4.1.22.Final/netty-handler-4.1.22.Final.jar
Download https://repo.maven.apache.org/maven2/io/netty/netty-codec/4.1.22.Final/netty-codec-4.1.22.Final.jar
Download https://repo.maven.apache.org/maven2/io/netty/netty-transport/4.1.22.Final/netty-transport-4.1.22.Final.jar
Download https://repo.maven.apache.org/maven2/io/netty/netty-buffer/4.1.22.Final/netty-buffer-4.1.22.Final.jar
Download https://repo.maven.apache.org/maven2/io/netty/netty-resolver/4.1.22.Final/netty-resolver-4.1.22.Final.jar
Download https://repo.maven.apache.org/maven2/io/netty/netty-common/4.1.22.Final/netty-common-4.1.22.Final.jar
:processResources
:classes
:bootRun
Download https://repo.maven.apache.org/maven2/org/postgresql/postgresql/9.4.1212.jre7/postgresql-9.4.1212.jre7.pom
Download https://repo.maven.apache.org/maven2/org/springframework/boot/spring-boot-devtools/1.5.8.RELEASE/spring-boot-devtools-1.5.8.RELEASE.pom
Download https://repo.maven.apache.org/maven2/org/postgresql/pgjdbc-core-prevjre/1.1.2/pgjdbc-core-prevjre-1.1.2.pom
Download https://repo.maven.apache.org/maven2/org/postgresql/pgjdbc-core-parent/1.1.2/pgjdbc-core-parent-1.1.2.pom
Download https://repo.maven.apache.org/maven2/org/postgresql/pgjdbc-versions/1.1.2/pgjdbc-versions-1.1.2.pom
Download https://repo.maven.apache.org/maven2/org/springframework/boot/spring-boot-devtools/1.5.8.RELEASE/spring-boot-devtools-1.5.8.RELEASE.jar
Download https://repo.maven.apache.org/maven2/org/postgresql/postgresql/9.4.1212.jre7/postgresql-9.4.1212.jre7.jar
01:24:49.250 [main] DEBUG org.springframework.boot.devtools.settings.DevToolsSettings - Included patterns for restart : []
01:24:49.257 [main] DEBUG org.springframework.boot.devtools.settings.DevToolsSettings - Excluded patterns for restart : [/spring-boot-starter/target/classes/, /spring-boot-autoconfigure/target/classes/, /spring-boot-starter-[\w-]+/, /spring-boot/target/classes/, /spring-boot-actuator/target/classes/, /spring-boot-devtools/target/classes/]
01:24:49.258 [main] DEBUG org.springframework.boot.devtools.restart.ChangeableUrls - Matching URLs for reloading : [file:/app/build/classes/java/main/, file:/app/build/resources/main/]
2018-06-13 01:24:51.764  INFO 69 --- [  restartedMain] s.c.a.AnnotationConfigApplicationContext : Refreshing org.springframework.context.annotation.AnnotationConfigApplicationContext@1ba2fef1: startup date [Wed Jun 13 01:24:51 GMT 2018]; root of context hierarchy
2018-06-13 01:24:52.662  INFO 69 --- [  restartedMain] f.a.AutowiredAnnotationBeanPostProcessor : JSR-330 'javax.inject.Inject' annotation found and supported for autowiring
2018-06-13 01:24:52.878  INFO 69 --- [  restartedMain] trationDelegate$BeanPostProcessorChecker : Bean 'configurationPropertiesRebinderAutoConfiguration' of type [org.springframework.cloud.autoconfigure.ConfigurationPropertiesRebinderAutoConfiguration$$EnhancerBySpringCGLIB$$676dae70] is not eligible for getting processed by all BeanPostProcessors (for example: not eligible for auto-proxying)

  .   ____          _            __ _ _
 /\\ / ___'_ __ _ _(_)_ __  __ _ \ \ \ \
( ( )\___ | '_ | '_| | '_ \/ _` | \ \ \ \
 \\/  ___)| |_)| | | | | || (_| |  ) ) ) )
  '  |____| .__|_| |_|_| |_\__, | / / / /
 =========|_|==============|___/=/_/_/_/
[32m :: Spring Boot :: [39m      [2m (v1.5.8.RELEASE)[0;39m

[2m2018-06-13 01:24:55.148[0;39m [32m INFO[0;39m [35m69[0;39m [2m---[0;39m [2m[  restartedMain][0;39m [36mc.example.notesapi.NotesApiApplication  [0;39m [2m:[0;39m The following profiles are active: dev
[2m2018-06-13 01:24:55.229[0;39m [32m INFO[0;39m [35m69[0;39m [2m---[0;39m [2m[  restartedMain][0;39m [36mationConfigEmbeddedWebApplicationContext[0;39m [2m:[0;39m Refreshing org.springframework.boot.context.embedded.AnnotationConfigEmbeddedWebApplicationContext@3a25a0df: startup date [Wed Jun 13 01:24:55 GMT 2018]; parent: org.springframework.context.annotation.AnnotationConfigApplicationContext@1ba2fef1
[2m2018-06-13 01:25:02.062[0;39m [32m INFO[0;39m [35m69[0;39m [2m---[0;39m [2m[  restartedMain][0;39m [36mo.s.cloud.context.scope.GenericScope    [0;39m [2m:[0;39m BeanFactory id=4a99a822-2110-34bc-89f5-8b82ce7f9b08
[2m2018-06-13 01:25:02.223[0;39m [32m INFO[0;39m [35m69[0;39m [2m---[0;39m [2m[  restartedMain][0;39m [36mf.a.AutowiredAnnotationBeanPostProcessor[0;39m [2m:[0;39m JSR-330 'javax.inject.Inject' annotation found and supported for autowiring
[2m2018-06-13 01:25:02.653[0;39m [32m INFO[0;39m [35m69[0;39m [2m---[0;39m [2m[  restartedMain][0;39m [36mtrationDelegate$BeanPostProcessorChecker[0;39m [2m:[0;39m Bean 'org.springframework.transaction.annotation.ProxyTransactionManagementConfiguration' of type [org.springframework.transaction.annotation.ProxyTransactionManagementConfiguration$$EnhancerBySpringCGLIB$$4b53ab73] is not eligible for getting processed by all BeanPostProcessors (for example: not eligible for auto-proxying)
[2m2018-06-13 01:25:02.743[0;39m [32m INFO[0;39m [35m69[0;39m [2m---[0;39m [2m[  restartedMain][0;39m [36mtrationDelegate$BeanPostProcessorChecker[0;39m [2m:[0;39m Bean 'org.springframework.cloud.autoconfigure.ConfigurationPropertiesRebinderAutoConfiguration' of type [org.springframework.cloud.autoconfigure.ConfigurationPropertiesRebinderAutoConfiguration$$EnhancerBySpringCGLIB$$676dae70] is not eligible for getting processed by all BeanPostProcessors (for example: not eligible for auto-proxying)
[2m2018-06-13 01:25:04.800[0;39m [32m INFO[0;39m [35m69[0;39m [2m---[0;39m [2m[  restartedMain][0;39m [36ms.b.c.e.t.TomcatEmbeddedServletContainer[0;39m [2m:[0;39m Tomcat initialized with port(s): 8082 (http)
[2m2018-06-13 01:25:04.835[0;39m [32m INFO[0;39m [35m69[0;39m [2m---[0;39m [2m[  restartedMain][0;39m [36mo.apache.catalina.core.StandardService  [0;39m [2m:[0;39m Starting service [Tomcat]
[2m2018-06-13 01:25:04.841[0;39m [32m INFO[0;39m [35m69[0;39m [2m---[0;39m [2m[  restartedMain][0;39m [36morg.apache.catalina.core.StandardEngine [0;39m [2m:[0;39m Starting Servlet Engine: Apache Tomcat/8.5.23
[2m2018-06-13 01:25:06.536[0;39m [32m INFO[0;39m [35m69[0;39m [2m---[0;39m [2m[ost-startStop-1][0;39m [36mo.a.c.c.C.[Tomcat].[localhost].[/]      [0;39m [2m:[0;39m Initializing Spring embedded WebApplicationContext
[2m2018-06-13 01:25:06.537[0;39m [32m INFO[0;39m [35m69[0;39m [2m---[0;39m [2m[ost-startStop-1][0;39m [36mo.s.web.context.ContextLoader           [0;39m [2m:[0;39m Root WebApplicationContext: initialization completed in 11308 ms
[2m2018-06-13 01:25:07.168[0;39m [32m INFO[0;39m [35m69[0;39m [2m---[0;39m [2m[ost-startStop-1][0;39m [36mo.s.b.w.servlet.ServletRegistrationBean [0;39m [2m:[0;39m Mapping servlet: 'dispatcherServlet' to [/]
[2m2018-06-13 01:25:07.192[0;39m [32m INFO[0;39m [35m69[0;39m [2m---[0;39m [2m[ost-startStop-1][0;39m [36mo.s.b.w.servlet.FilterRegistrationBean  [0;39m [2m:[0;39m Mapping filter: 'characterEncodingFilter' to: [/*]
[2m2018-06-13 01:25:07.196[0;39m [32m INFO[0;39m [35m69[0;39m [2m---[0;39m [2m[ost-startStop-1][0;39m [36mo.s.b.w.servlet.FilterRegistrationBean  [0;39m [2m:[0;39m Mapping filter: 'hiddenHttpMethodFilter' to: [/*]
[2m2018-06-13 01:25:07.206[0;39m [32m INFO[0;39m [35m69[0;39m [2m---[0;39m [2m[ost-startStop-1][0;39m [36mo.s.b.w.servlet.FilterRegistrationBean  [0;39m [2m:[0;39m Mapping filter: 'httpPutFormContentFilter' to: [/*]
[2m2018-06-13 01:25:07.207[0;39m [32m INFO[0;39m [35m69[0;39m [2m---[0;39m [2m[ost-startStop-1][0;39m [36mo.s.b.w.servlet.FilterRegistrationBean  [0;39m [2m:[0;39m Mapping filter: 'requestContextFilter' to: [/*]
[2m2018-06-13 01:25:08.264[0;39m [32m INFO[0;39m [35m69[0;39m [2m---[0;39m [2m[  restartedMain][0;39m [36mo.f.core.internal.util.VersionPrinter   [0;39m [2m:[0;39m Flyway 3.2.1 by Boxfuse
[2m2018-06-13 01:25:08.793[0;39m [32m INFO[0;39m [35m69[0;39m [2m---[0;39m [2m[  restartedMain][0;39m [36mo.f.c.i.dbsupport.DbSupportFactory      [0;39m [2m:[0;39m Database: jdbc:postgresql://postgresdev:5432/pgdev (PostgreSQL 10.4)
[2m2018-06-13 01:25:09.614[0;39m [32m INFO[0;39m [35m69[0;39m [2m---[0;39m [2m[  restartedMain][0;39m [36mo.f.core.internal.command.DbMigrate     [0;39m [2m:[0;39m Current version of schema "public": 1
[2m2018-06-13 01:25:09.670[0;39m [33m WARN[0;39m [35m69[0;39m [2m---[0;39m [2m[  restartedMain][0;39m [36mo.f.core.internal.command.DbMigrate     [0;39m [2m:[0;39m outOfOrder mode is active. Migration of schema "public" may not be reproducible.
[2m2018-06-13 01:25:09.734[0;39m [32m INFO[0;39m [35m69[0;39m [2m---[0;39m [2m[  restartedMain][0;39m [36mo.f.core.internal.command.DbMigrate     [0;39m [2m:[0;39m Migrating schema "public" to version 2 - Create notes table
[2m2018-06-13 01:25:10.320[0;39m [32m INFO[0;39m [35m69[0;39m [2m---[0;39m [2m[  restartedMain][0;39m [36mo.f.core.internal.command.DbMigrate     [0;39m [2m:[0;39m Successfully applied 1 migration to schema "public" (execution time 00:00.871s).
[2m2018-06-13 01:25:10.331[0;39m [32m INFO[0;39m [35m69[0;39m [2m---[0;39m [2m[  restartedMain][0;39m [36mo.f.c.i.c.SqlScriptFlywayCallback       [0;39m [2m:[0;39m Executing SQL callback: afterMigrate
[2m2018-06-13 01:25:13.472[0;39m [32m INFO[0;39m [35m69[0;39m [2m---[0;39m [2m[  restartedMain][0;39m [36mj.LocalContainerEntityManagerFactoryBean[0;39m [2m:[0;39m Building JPA container EntityManagerFactory for persistence unit 'default'
[2m2018-06-13 01:25:13.620[0;39m [32m INFO[0;39m [35m69[0;39m [2m---[0;39m [2m[  restartedMain][0;39m [36mo.hibernate.jpa.internal.util.LogHelper [0;39m [2m:[0;39m HHH000204: Processing PersistenceUnitInfo [
	name: default
	...]
[2m2018-06-13 01:25:14.630[0;39m [32m INFO[0;39m [35m69[0;39m [2m---[0;39m [2m[  restartedMain][0;39m [36morg.hibernate.Version                   [0;39m [2m:[0;39m HHH000412: Hibernate Core {5.0.12.Final}
[2m2018-06-13 01:25:14.642[0;39m [32m INFO[0;39m [35m69[0;39m [2m---[0;39m [2m[  restartedMain][0;39m [36morg.hibernate.cfg.Environment           [0;39m [2m:[0;39m HHH000206: hibernate.properties not found
[2m2018-06-13 01:25:14.660[0;39m [32m INFO[0;39m [35m69[0;39m [2m---[0;39m [2m[  restartedMain][0;39m [36morg.hibernate.cfg.Environment           [0;39m [2m:[0;39m HHH000021: Bytecode provider name : javassist
[2m2018-06-13 01:25:14.934[0;39m [32m INFO[0;39m [35m69[0;39m [2m---[0;39m [2m[  restartedMain][0;39m [36mo.hibernate.annotations.common.Version  [0;39m [2m:[0;39m HCANN000001: Hibernate Commons Annotations {5.0.1.Final}
[2m2018-06-13 01:25:15.743[0;39m [32m INFO[0;39m [35m69[0;39m [2m---[0;39m [2m[  restartedMain][0;39m [36morg.hibernate.dialect.Dialect           [0;39m [2m:[0;39m HHH000400: Using dialect: org.hibernate.dialect.PostgreSQLDialect
[2m2018-06-13 01:25:16.134[0;39m [32m INFO[0;39m [35m69[0;39m [2m---[0;39m [2m[  restartedMain][0;39m [36mo.h.e.j.e.i.LobCreatorBuilderImpl       [0;39m [2m:[0;39m HHH000424: Disabling contextual LOB creation as createClob() method threw error : java.lang.reflect.InvocationTargetException
[2m2018-06-13 01:25:16.151[0;39m [32m INFO[0;39m [35m69[0;39m [2m---[0;39m [2m[  restartedMain][0;39m [36morg.hibernate.type.BasicTypeRegistry    [0;39m [2m:[0;39m HHH000270: Type registration [java.util.UUID] overrides previous : org.hibernate.type.UUIDBinaryType@2a51d461
[2m2018-06-13 01:25:18.678[0;39m [32m INFO[0;39m [35m69[0;39m [2m---[0;39m [2m[  restartedMain][0;39m [36mj.LocalContainerEntityManagerFactoryBean[0;39m [2m:[0;39m Initialized JPA EntityManagerFactory for persistence unit 'default'
[2m2018-06-13 01:25:20.063[0;39m [33m WARN[0;39m [35m69[0;39m [2m---[0;39m [2m[  restartedMain][0;39m [36mc.n.c.sources.URLConfigurationSource    [0;39m [2m:[0;39m No URLs will be polled as dynamic configuration sources.
[2m2018-06-13 01:25:20.064[0;39m [32m INFO[0;39m [35m69[0;39m [2m---[0;39m [2m[  restartedMain][0;39m [36mc.n.c.sources.URLConfigurationSource    [0;39m [2m:[0;39m To enable URLs as dynamic configuration sources, define System property archaius.configurationSource.additionalUrls or make config.properties available on classpath.
[2m2018-06-13 01:25:20.098[0;39m [33m WARN[0;39m [35m69[0;39m [2m---[0;39m [2m[  restartedMain][0;39m [36mc.n.c.sources.URLConfigurationSource    [0;39m [2m:[0;39m No URLs will be polled as dynamic configuration sources.
[2m2018-06-13 01:25:20.098[0;39m [32m INFO[0;39m [35m69[0;39m [2m---[0;39m [2m[  restartedMain][0;39m [36mc.n.c.sources.URLConfigurationSource    [0;39m [2m:[0;39m To enable URLs as dynamic configuration sources, define System property archaius.configurationSource.additionalUrls or make config.properties available on classpath.
[2m2018-06-13 01:25:21.677[0;39m [32m INFO[0;39m [35m69[0;39m [2m---[0;39m [2m[  restartedMain][0;39m [36ms.w.s.m.m.a.RequestMappingHandlerAdapter[0;39m [2m:[0;39m Looking for @ControllerAdvice: org.springframework.boot.context.embedded.AnnotationConfigEmbeddedWebApplicationContext@3a25a0df: startup date [Wed Jun 13 01:24:55 GMT 2018]; parent: org.springframework.context.annotation.AnnotationConfigApplicationContext@1ba2fef1
[2m2018-06-13 01:25:22.730[0;39m [32m INFO[0;39m [35m69[0;39m [2m---[0;39m [2m[  restartedMain][0;39m [36ms.w.s.m.m.a.RequestMappingHandlerMapping[0;39m [2m:[0;39m Mapped "{[/codeblocks/{codeblockId}],methods=[GET]}" onto public com.example.notesapi.models.Codeblock com.example.notesapi.controllers.CodeBlockController.getCodeblockById(java.lang.Long)
[2m2018-06-13 01:25:22.744[0;39m [32m INFO[0;39m [35m69[0;39m [2m---[0;39m [2m[  restartedMain][0;39m [36ms.w.s.m.m.a.RequestMappingHandlerMapping[0;39m [2m:[0;39m Mapped "{[/codeblocks/{codeblockId}],methods=[DELETE]}" onto public org.springframework.http.HttpStatus com.example.notesapi.controllers.CodeBlockController.deleteCodeblockById(java.lang.Long)
[2m2018-06-13 01:25:22.748[0;39m [32m INFO[0;39m [35m69[0;39m [2m---[0;39m [2m[  restartedMain][0;39m [36ms.w.s.m.m.a.RequestMappingHandlerMapping[0;39m [2m:[0;39m Mapped "{[/codeblocks],methods=[POST]}" onto public com.example.notesapi.models.Codeblock com.example.notesapi.controllers.CodeBlockController.createCodeblock(com.example.notesapi.models.Codeblock)
[2m2018-06-13 01:25:22.768[0;39m [32m INFO[0;39m [35m69[0;39m [2m---[0;39m [2m[  restartedMain][0;39m [36ms.w.s.m.m.a.RequestMappingHandlerMapping[0;39m [2m:[0;39m Mapped "{[/codeblocks/{codeblockId}],methods=[PATCH]}" onto public com.example.notesapi.models.Codeblock com.example.notesapi.controllers.CodeBlockController.updateUserById(java.lang.Long,com.example.notesapi.models.Codeblock)
[2m2018-06-13 01:25:22.772[0;39m [32m INFO[0;39m [35m69[0;39m [2m---[0;39m [2m[  restartedMain][0;39m [36ms.w.s.m.m.a.RequestMappingHandlerMapping[0;39m [2m:[0;39m Mapped "{[/codeblocks],methods=[GET]}" onto public java.lang.Iterable<com.example.notesapi.models.Codeblock> com.example.notesapi.controllers.CodeBlockController.findAllCodeblocks()
[2m2018-06-13 01:25:22.794[0;39m [32m INFO[0;39m [35m69[0;39m [2m---[0;39m [2m[  restartedMain][0;39m [36ms.w.s.m.m.a.RequestMappingHandlerMapping[0;39m [2m:[0;39m Mapped "{[/headers],methods=[POST]}" onto public com.example.notesapi.models.Header com.example.notesapi.controllers.HeaderController.createNewUser(com.example.notesapi.models.Header)
[2m2018-06-13 01:25:22.797[0;39m [32m INFO[0;39m [35m69[0;39m [2m---[0;39m [2m[  restartedMain][0;39m [36ms.w.s.m.m.a.RequestMappingHandlerMapping[0;39m [2m:[0;39m Mapped "{[/headers/{headerId}],methods=[DELETE]}" onto public org.springframework.http.HttpStatus com.example.notesapi.controllers.HeaderController.deleteHeaderById(java.lang.Long)
[2m2018-06-13 01:25:22.801[0;39m [32m INFO[0;39m [35m69[0;39m [2m---[0;39m [2m[  restartedMain][0;39m [36ms.w.s.m.m.a.RequestMappingHandlerMapping[0;39m [2m:[0;39m Mapped "{[/headers/{headerId}],methods=[PATCH]}" onto public com.example.notesapi.models.Header com.example.notesapi.controllers.HeaderController.updateHeaderById(java.lang.Long,com.example.notesapi.models.Header)
[2m2018-06-13 01:25:22.805[0;39m [32m INFO[0;39m [35m69[0;39m [2m---[0;39m [2m[  restartedMain][0;39m [36ms.w.s.m.m.a.RequestMappingHandlerMapping[0;39m [2m:[0;39m Mapped "{[/headers/{headerId}],methods=[GET]}" onto public com.example.notesapi.models.Header com.example.notesapi.controllers.HeaderController.getHeaderById(java.lang.Long)
[2m2018-06-13 01:25:22.807[0;39m [32m INFO[0;39m [35m69[0;39m [2m---[0;39m [2m[  restartedMain][0;39m [36ms.w.s.m.m.a.RequestMappingHandlerMapping[0;39m [2m:[0;39m Mapped "{[/headers],methods=[GET]}" onto public java.lang.Iterable<com.example.notesapi.models.Header> com.example.notesapi.controllers.HeaderController.findAllHeaders()
[2m2018-06-13 01:25:22.815[0;39m [32m INFO[0;39m [35m69[0;39m [2m---[0;39m [2m[  restartedMain][0;39m [36ms.w.s.m.m.a.RequestMappingHandlerMapping[0;39m [2m:[0;39m Mapped "{[/paras],methods=[GET]}" onto public java.lang.Iterable<com.example.notesapi.models.Para> com.example.notesapi.controllers.ParaController.findAllUsers()
[2m2018-06-13 01:25:22.822[0;39m [32m INFO[0;39m [35m69[0;39m [2m---[0;39m [2m[  restartedMain][0;39m [36ms.w.s.m.m.a.RequestMappingHandlerMapping[0;39m [2m:[0;39m Mapped "{[/paras/{paraId}],methods=[GET]}" onto public com.example.notesapi.models.Para com.example.notesapi.controllers.ParaController.getParaById(java.lang.Long)
[2m2018-06-13 01:25:22.825[0;39m [32m INFO[0;39m [35m69[0;39m [2m---[0;39m [2m[  restartedMain][0;39m [36ms.w.s.m.m.a.RequestMappingHandlerMapping[0;39m [2m:[0;39m Mapped "{[/paras/{paraId}],methods=[DELETE]}" onto public org.springframework.http.HttpStatus com.example.notesapi.controllers.ParaController.deleteParaById(java.lang.Long)
[2m2018-06-13 01:25:22.828[0;39m [32m INFO[0;39m [35m69[0;39m [2m---[0;39m [2m[  restartedMain][0;39m [36ms.w.s.m.m.a.RequestMappingHandlerMapping[0;39m [2m:[0;39m Mapped "{[/paras/{paraId}],methods=[PATCH]}" onto public com.example.notesapi.models.Para com.example.notesapi.controllers.ParaController.updateParaById(java.lang.Long,com.example.notesapi.models.Para)
[2m2018-06-13 01:25:22.843[0;39m [32m INFO[0;39m [35m69[0;39m [2m---[0;39m [2m[  restartedMain][0;39m [36ms.w.s.m.m.a.RequestMappingHandlerMapping[0;39m [2m:[0;39m Mapped "{[/paras],methods=[POST]}" onto public com.example.notesapi.models.Para com.example.notesapi.controllers.ParaController.createNewPara(com.example.notesapi.models.Para)
[2m2018-06-13 01:25:22.863[0;39m [32m INFO[0;39m [35m69[0;39m [2m---[0;39m [2m[  restartedMain][0;39m [36ms.w.s.m.m.a.RequestMappingHandlerMapping[0;39m [2m:[0;39m Mapped "{[/titles],methods=[GET]}" onto public java.lang.Iterable<com.example.notesapi.models.Title> com.example.notesapi.controllers.TitleController.findAllTitles()
[2m2018-06-13 01:25:22.873[0;39m [32m INFO[0;39m [35m69[0;39m [2m---[0;39m [2m[  restartedMain][0;39m [36ms.w.s.m.m.a.RequestMappingHandlerMapping[0;39m [2m:[0;39m Mapped "{[/titles/{titleId}],methods=[DELETE]}" onto public org.springframework.http.HttpStatus com.example.notesapi.controllers.TitleController.deleteTitleById(java.lang.Long)
[2m2018-06-13 01:25:22.877[0;39m [32m INFO[0;39m [35m69[0;39m [2m---[0;39m [2m[  restartedMain][0;39m [36ms.w.s.m.m.a.RequestMappingHandlerMapping[0;39m [2m:[0;39m Mapped "{[/titles],methods=[POST]}" onto public com.example.notesapi.models.Title com.example.notesapi.controllers.TitleController.createNewTitle(com.example.notesapi.models.Title)
[2m2018-06-13 01:25:22.879[0;39m [32m INFO[0;39m [35m69[0;39m [2m---[0;39m [2m[  restartedMain][0;39m [36ms.w.s.m.m.a.RequestMappingHandlerMapping[0;39m [2m:[0;39m Mapped "{[/titles/{titleId}],methods=[GET]}" onto public com.example.notesapi.models.Title com.example.notesapi.controllers.TitleController.getTitleByName(java.lang.Long)
[2m2018-06-13 01:25:22.888[0;39m [32m INFO[0;39m [35m69[0;39m [2m---[0;39m [2m[  restartedMain][0;39m [36ms.w.s.m.m.a.RequestMappingHandlerMapping[0;39m [2m:[0;39m Mapped "{[/titles/{titleId}],methods=[PATCH]}" onto public com.example.notesapi.models.Title com.example.notesapi.controllers.TitleController.updateUserById(java.lang.Long,com.example.notesapi.models.Title)
[2m2018-06-13 01:25:22.918[0;39m [32m INFO[0;39m [35m69[0;39m [2m---[0;39m [2m[  restartedMain][0;39m [36ms.w.s.m.m.a.RequestMappingHandlerMapping[0;39m [2m:[0;39m Mapped "{[/error],produces=[text/html]}" onto public org.springframework.web.servlet.ModelAndView org.springframework.boot.autoconfigure.web.BasicErrorController.errorHtml(javax.servlet.http.HttpServletRequest,javax.servlet.http.HttpServletResponse)
[2m2018-06-13 01:25:22.929[0;39m [32m INFO[0;39m [35m69[0;39m [2m---[0;39m [2m[  restartedMain][0;39m [36ms.w.s.m.m.a.RequestMappingHandlerMapping[0;39m [2m:[0;39m Mapped "{[/error]}" onto public org.springframework.http.ResponseEntity<java.util.Map<java.lang.String, java.lang.Object>> org.springframework.boot.autoconfigure.web.BasicErrorController.error(javax.servlet.http.HttpServletRequest)
[2m2018-06-13 01:25:23.059[0;39m [32m INFO[0;39m [35m69[0;39m [2m---[0;39m [2m[  restartedMain][0;39m [36mo.s.w.s.handler.SimpleUrlHandlerMapping [0;39m [2m:[0;39m Mapped URL path [/webjars/**] onto handler of type [class org.springframework.web.servlet.resource.ResourceHttpRequestHandler]
[2m2018-06-13 01:25:23.061[0;39m [32m INFO[0;39m [35m69[0;39m [2m---[0;39m [2m[  restartedMain][0;39m [36mo.s.w.s.handler.SimpleUrlHandlerMapping [0;39m [2m:[0;39m Mapped URL path [/**] onto handler of type [class org.springframework.web.servlet.resource.ResourceHttpRequestHandler]
[2m2018-06-13 01:25:24.062[0;39m [32m INFO[0;39m [35m69[0;39m [2m---[0;39m [2m[  restartedMain][0;39m [36mo.s.w.s.handler.SimpleUrlHandlerMapping [0;39m [2m:[0;39m Mapped URL path [/**/favicon.ico] onto handler of type [class org.springframework.web.servlet.resource.ResourceHttpRequestHandler]
[2m2018-06-13 01:25:27.953[0;39m [32m INFO[0;39m [35m69[0;39m [2m---[0;39m [2m[  restartedMain][0;39m [36mo.s.b.d.a.OptionalLiveReloadServer      [0;39m [2m:[0;39m LiveReload server is running on port 35729
[2m2018-06-13 01:25:28.702[0;39m [33m WARN[0;39m [35m69[0;39m [2m---[0;39m [2m[  restartedMain][0;39m [36marterDeprecationWarningAutoConfiguration[0;39m [2m:[0;39m spring-cloud-starter-eureka is deprecated as of Spring Cloud Netflix 1.4.0, please migrate to spring-cloud-starter-netflix-eureka
[2m2018-06-13 01:25:28.841[0;39m [32m INFO[0;39m [35m69[0;39m [2m---[0;39m [2m[  restartedMain][0;39m [36mo.s.j.e.a.AnnotationMBeanExporter       [0;39m [2m:[0;39m Registering beans for JMX exposure on startup
[2m2018-06-13 01:25:28.882[0;39m [32m INFO[0;39m [35m69[0;39m [2m---[0;39m [2m[  restartedMain][0;39m [36mo.s.j.e.a.AnnotationMBeanExporter       [0;39m [2m:[0;39m Bean with name 'environmentManager' has been autodetected for JMX exposure
[2m2018-06-13 01:25:28.888[0;39m [32m INFO[0;39m [35m69[0;39m [2m---[0;39m [2m[  restartedMain][0;39m [36mo.s.j.e.a.AnnotationMBeanExporter       [0;39m [2m:[0;39m Bean with name 'configurationPropertiesRebinder' has been autodetected for JMX exposure
[2m2018-06-13 01:25:28.892[0;39m [32m INFO[0;39m [35m69[0;39m [2m---[0;39m [2m[  restartedMain][0;39m [36mo.s.j.e.a.AnnotationMBeanExporter       [0;39m [2m:[0;39m Bean with name 'refreshScope' has been autodetected for JMX exposure
[2m2018-06-13 01:25:28.915[0;39m [32m INFO[0;39m [35m69[0;39m [2m---[0;39m [2m[  restartedMain][0;39m [36mo.s.j.e.a.AnnotationMBeanExporter       [0;39m [2m:[0;39m Located managed bean 'environmentManager': registering with JMX server as MBean [org.springframework.cloud.context.environment:name=environmentManager,type=EnvironmentManager]
[2m2018-06-13 01:25:29.003[0;39m [32m INFO[0;39m [35m69[0;39m [2m---[0;39m [2m[  restartedMain][0;39m [36mo.s.j.e.a.AnnotationMBeanExporter       [0;39m [2m:[0;39m Located managed bean 'refreshScope': registering with JMX server as MBean [org.springframework.cloud.context.scope.refresh:name=refreshScope,type=RefreshScope]
[2m2018-06-13 01:25:29.043[0;39m [32m INFO[0;39m [35m69[0;39m [2m---[0;39m [2m[  restartedMain][0;39m [36mo.s.j.e.a.AnnotationMBeanExporter       [0;39m [2m:[0;39m Located managed bean 'configurationPropertiesRebinder': registering with JMX server as MBean [org.springframework.cloud.context.properties:name=configurationPropertiesRebinder,context=3a25a0df,type=ConfigurationPropertiesRebinder]
[2m2018-06-13 01:25:29.363[0;39m [32m INFO[0;39m [35m69[0;39m [2m---[0;39m [2m[  restartedMain][0;39m [36mo.s.c.support.DefaultLifecycleProcessor [0;39m [2m:[0;39m Starting beans in phase 0
[2m2018-06-13 01:25:29.384[0;39m [32m INFO[0;39m [35m69[0;39m [2m---[0;39m [2m[  restartedMain][0;39m [36mo.s.c.n.eureka.InstanceInfoFactory      [0;39m [2m:[0;39m Setting initial instance status as: STARTING
[2m2018-06-13 01:25:29.608[0;39m [32m INFO[0;39m [35m69[0;39m [2m---[0;39m [2m[  restartedMain][0;39m [36mcom.netflix.discovery.DiscoveryClient   [0;39m [2m:[0;39m Initializing Eureka in region us-east-1
[2m2018-06-13 01:25:31.546[0;39m [32m INFO[0;39m [35m69[0;39m [2m---[0;39m [2m[  restartedMain][0;39m [36mc.n.d.provider.DiscoveryJerseyProvider  [0;39m [2m:[0;39m Using JSON encoding codec LegacyJacksonJson
[2m2018-06-13 01:25:31.547[0;39m [32m INFO[0;39m [35m69[0;39m [2m---[0;39m [2m[  restartedMain][0;39m [36mc.n.d.provider.DiscoveryJerseyProvider  [0;39m [2m:[0;39m Using JSON decoding codec LegacyJacksonJson
[2m2018-06-13 01:25:32.002[0;39m [32m INFO[0;39m [35m69[0;39m [2m---[0;39m [2m[  restartedMain][0;39m [36mc.n.d.provider.DiscoveryJerseyProvider  [0;39m [2m:[0;39m Using XML encoding codec XStreamXml
[2m2018-06-13 01:25:32.002[0;39m [32m INFO[0;39m [35m69[0;39m [2m---[0;39m [2m[  restartedMain][0;39m [36mc.n.d.provider.DiscoveryJerseyProvider  [0;39m [2m:[0;39m Using XML decoding codec XStreamXml
[2m2018-06-13 01:25:33.019[0;39m [32m INFO[0;39m [35m69[0;39m [2m---[0;39m [2m[  restartedMain][0;39m [36mc.n.d.s.r.aws.ConfigClusterResolver     [0;39m [2m:[0;39m Resolving eureka endpoints via configuration
[2m2018-06-13 01:25:33.171[0;39m [32m INFO[0;39m [35m69[0;39m [2m---[0;39m [2m[  restartedMain][0;39m [36mcom.netflix.discovery.DiscoveryClient   [0;39m [2m:[0;39m Disable delta property : false
[2m2018-06-13 01:25:33.172[0;39m [32m INFO[0;39m [35m69[0;39m [2m---[0;39m [2m[  restartedMain][0;39m [36mcom.netflix.discovery.DiscoveryClient   [0;39m [2m:[0;39m Single vip registry refresh property : null
[2m2018-06-13 01:25:33.173[0;39m [32m INFO[0;39m [35m69[0;39m [2m---[0;39m [2m[  restartedMain][0;39m [36mcom.netflix.discovery.DiscoveryClient   [0;39m [2m:[0;39m Force full registry fetch : false
[2m2018-06-13 01:25:33.174[0;39m [32m INFO[0;39m [35m69[0;39m [2m---[0;39m [2m[  restartedMain][0;39m [36mcom.netflix.discovery.DiscoveryClient   [0;39m [2m:[0;39m Application is null : false
[2m2018-06-13 01:25:33.175[0;39m [32m INFO[0;39m [35m69[0;39m [2m---[0;39m [2m[  restartedMain][0;39m [36mcom.netflix.discovery.DiscoveryClient   [0;39m [2m:[0;39m Registered Applications size is zero : true
[2m2018-06-13 01:25:33.176[0;39m [32m INFO[0;39m [35m69[0;39m [2m---[0;39m [2m[  restartedMain][0;39m [36mcom.netflix.discovery.DiscoveryClient   [0;39m [2m:[0;39m Application version is -1: true
[2m2018-06-13 01:25:33.177[0;39m [32m INFO[0;39m [35m69[0;39m [2m---[0;39m [2m[  restartedMain][0;39m [36mcom.netflix.discovery.DiscoveryClient   [0;39m [2m:[0;39m Getting all instance registry info from the eureka server
[2m2018-06-13 01:25:34.786[0;39m [32m INFO[0;39m [35m69[0;39m [2m---[0;39m [2m[  restartedMain][0;39m [36mcom.netflix.discovery.DiscoveryClient   [0;39m [2m:[0;39m The response status is 200
[2m2018-06-13 01:25:34.791[0;39m [32m INFO[0;39m [35m69[0;39m [2m---[0;39m [2m[  restartedMain][0;39m [36mcom.netflix.discovery.DiscoveryClient   [0;39m [2m:[0;39m Starting heartbeat executor: renew interval is: 30
[2m2018-06-13 01:25:34.811[0;39m [32m INFO[0;39m [35m69[0;39m [2m---[0;39m [2m[  restartedMain][0;39m [36mc.n.discovery.InstanceInfoReplicator    [0;39m [2m:[0;39m InstanceInfoReplicator onDemand update allowed rate per min is 4
[2m2018-06-13 01:25:34.828[0;39m [32m INFO[0;39m [35m69[0;39m [2m---[0;39m [2m[  restartedMain][0;39m [36mcom.netflix.discovery.DiscoveryClient   [0;39m [2m:[0;39m Discovery Client initialized at timestamp 1528853134826 with initial instances count: 2
[2m2018-06-13 01:25:34.858[0;39m [32m INFO[0;39m [35m69[0;39m [2m---[0;39m [2m[  restartedMain][0;39m [36mo.s.c.n.e.s.EurekaServiceRegistry       [0;39m [2m:[0;39m Registering application notes with eureka with status UP
[2m2018-06-13 01:25:34.866[0;39m [32m INFO[0;39m [35m69[0;39m [2m---[0;39m [2m[  restartedMain][0;39m [36mcom.netflix.discovery.DiscoveryClient   [0;39m [2m:[0;39m Saw local status change event StatusChangeEvent [timestamp=1528853134865, current=UP, previous=STARTING]
[2m2018-06-13 01:25:34.872[0;39m [32m INFO[0;39m [35m69[0;39m [2m---[0;39m [2m[nfoReplicator-0][0;39m [36mcom.netflix.discovery.DiscoveryClient   [0;39m [2m:[0;39m DiscoveryClient_NOTES/61ed18c8be9e:notes:8082: registering service...
[2m2018-06-13 01:25:35.095[0;39m [32m INFO[0;39m [35m69[0;39m [2m---[0;39m [2m[nfoReplicator-0][0;39m [36mcom.netflix.discovery.DiscoveryClient   [0;39m [2m:[0;39m DiscoveryClient_NOTES/61ed18c8be9e:notes:8082 - registration status: 204
[2m2018-06-13 01:25:35.401[0;39m [32m INFO[0;39m [35m69[0;39m [2m---[0;39m [2m[  restartedMain][0;39m [36ms.b.c.e.t.TomcatEmbeddedServletContainer[0;39m [2m:[0;39m Tomcat started on port(s): 8082 (http)
[2m2018-06-13 01:25:35.404[0;39m [32m INFO[0;39m [35m69[0;39m [2m---[0;39m [2m[  restartedMain][0;39m [36m.s.c.n.e.s.EurekaAutoServiceRegistration[0;39m [2m:[0;39m Updating port to 8082
[2m2018-06-13 01:25:35.434[0;39m [32m INFO[0;39m [35m69[0;39m [2m---[0;39m [2m[  restartedMain][0;39m [36mc.example.notesapi.NotesApiApplication  [0;39m [2m:[0;39m Started NotesApiApplication in 46.005 seconds (JVM running for 51.015)
[2m2018-06-13 01:26:04.941[0;39m [32m INFO[0;39m [35m69[0;39m [2m---[0;39m [2m[nio-8082-exec-1][0;39m [36mo.a.c.c.C.[Tomcat].[localhost].[/]      [0;39m [2m:[0;39m Initializing Spring FrameworkServlet 'dispatcherServlet'
[2m2018-06-13 01:26:04.942[0;39m [32m INFO[0;39m [35m69[0;39m [2m---[0;39m [2m[nio-8082-exec-1][0;39m [36mo.s.web.servlet.DispatcherServlet       [0;39m [2m:[0;39m FrameworkServlet 'dispatcherServlet': initialization started
[2m2018-06-13 01:26:05.063[0;39m [32m INFO[0;39m [35m69[0;39m [2m---[0;39m [2m[nio-8082-exec-1][0;39m [36mo.s.web.servlet.DispatcherServlet       [0;39m [2m:[0;39m FrameworkServlet 'dispatcherServlet': initialization completed in 121 ms
[2m2018-06-13 01:29:04.780[0;39m [32m INFO[0;39m [35m69[0;39m [2m---[0;39m [2m[nio-8082-exec-6][0;39m [36mo.h.h.i.QueryTranslatorFactoryInitiator [0;39m [2m:[0;39m HHH000397: Using ASTQueryTranslatorFactory
[2m2018-06-13 01:30:33.186[0;39m [32m INFO[0;39m [35m69[0;39m [2m---[0;39m [2m[trap-executor-0][0;39m [36mc.n.d.s.r.aws.ConfigClusterResolver     [0;39m [2m:[0;39m Resolving eureka endpoints via configuration
[2m2018-06-13 01:35:33.198[0;39m [32m INFO[0;39m [35m69[0;39m [2m---[0;39m [2m[trap-executor-0][0;39m [36mc.n.d.s.r.aws.ConfigClusterResolver     [0;39m [2m:[0;39m Resolving eureka endpoints via configuration
